2 0 81
3 167 29 291
2 296 138
1 168
2 180 237
1 216
2 34 207
2 108 32
1 54
1 85
2 275 205
2 116 222
1 87
1 41
3 184 14 55
2 164 214
2 249 90
2 99 121
2 212 157
2 110 202
1 88
1 75
2 103 230
2 80 76
3 72 128 93
2 4 146
2 8 27
2 7 239
2 294 83
2 148 140
2 134 117
2 162 217
2 259 82
2 159 204
3 286 158 238
2 246 109
2 299 68
2 203 174
3 24 172 177
2 133 16
2 210 48
2 62 124
2 161 6
2 127 45
2 13 287
1 260
2 276 40
3 136 244 17
3 220 26 100
2 92 20
2 95 23
3 58 191 66
3 137 195 280
2 290 235
2 227 190
3 193 241 115
1 15
2 218 118
2 273 70
3 150 64 298
2 285 236
1 225
1 107
2 74 284
1 144
2 56 61
2 105 269
2 18 89
3 171 254 248
2 187 199
1 263
2 38 255
2 63 10
2 125 28
2 156 114
2 261 243
2 60 42
1 200
1 57
3 19 147 250
1 198
1 213
2 267 5
2 44 185
2 129 209
1 79
2 245 3
3 226 122 22
2 21 111
2 113 253
2 224 197
1 91
3 232 170 270
2 166 139
2 96 102
3 188 268 283
2 39 163
1 53
2 277 86
2 281 295
