26 7393 6669 5939 5185 7295 9761 3091 5861 7610 7039 6449 7949 5782 1451 3344 3662 5651 4159 7669 6465 754 8247 2834 8501 9866 2804
26 8620 7849 6330 286 2335 7060 3744 1283 6990 2303 3637 3494 4823 6811 1661 1866 4656 5340 3773 6333 7266 7301 2383 6709 4224 5002
28 4387 9738 8946 3179 3460 2693 7109 3671 7605 3158 7761 1564 7432 5063 1188 6696 7700 9525 6775 763 658 1922 8014 4319 3510 9912 9774 6542
30 4089 3233 8543 6258 7367 3716 456 1121 5474 7472 1158 9029 5024 1642 7948 4855 2475 6861 6877 8269 967 7547 668 3994 2638 3588 5549 6311 3345 2969
29 3556 8849 9447 7984 8513 5516 7485 7016 6411 1895 2061 7330 9575 1023 1920 6176 1170 1667 7053 7081 2660 8459 2073 2575 8622 8823 2054 4683 7921
28 7227 6424 9054 4994 2399 7442 8162 8250 6551 1193 3398 1166 5497 3054 2348 6611 471 490 8303 3900 4558 2074 6887 3369 8061 6722 2781 3107
25 7840 3387 8183 5209 8875 2195 2801 2477 4396 332 7275 1034 2730 7088 4883 583 5357 1684 5099 3689 9374 2115 7396 4735 8037
25 2337 3452 7638 4006 4400 5082 813 6866 8593 5304 2790 1418 5230 1070 6991 4164 4868 7632 6691 8809 9903 978 8559 7731 2349
28 3513 1753 8399 4068 8625 9129 8884 5610 7777 3545 4687 8665 3730 6544 5716 7271 5013 2723 4670 6391 2284 7048 3351 8637 1393 2088 2544 5042
29 6409 8669 8432 2858 7985 4123 4069 4003 7745 7614 5951 2412 334 1280 1482 6742 9810 9011 6946 4162 2271 5468 28 765 4426 1686 5812 5231 1638
27 80 5673 7487 544 2293 1961 6267 1620 2646 532 4869 9072 2577 4546 3983 6134 6492 9567 8379 6571 4234 6477 7658 7583 9353 3289 8945
25 6295 1788 6778 4777 7842 7878 5183 313 3058 1524 8666 5767 6321 2714 5081 4812 7573 2696 4528 9146 9972 1374 4490 5491 1136
24 9107 138 6796 8324 229 7865 1770 4931 9973 3315 3127 3568 7018 5026 2309 2974 3966 9086 6548 6659 7121 9687 2594 283
25 4950 2717 9742 1425 7251 7026 158 3479 8042 7062 4945 310 4599 1873 361 52 1931 2639 7095 6144 5305 2104 480 3138 5178
28 5177 681 2563 5846 7458 8693 8754 7944 7468 8309 1668 1908 1371 1176 2675 3801 5191 3409 2043 2299 8571 2750 6923 8485 1877 4841 1150 7315
25 8488 9351 7047 6200 6959 4802 6410 3318 9315 3865 5659 4223 4689 2589 7702 958 5199 9758 5047 5414 4859 2454 8846 7029 8062
29 9975 1813 7222 89 4607 4053 1542 4621 5976 6256 7334 8552 6025 6457 3096 9232 1927 5239 1632 3737 46 7913 2363 8192 3098 8100 8487 1399 2952
31 3420 7320 4671 1556 4458 6563 9963 1093 8239 6244 3678 8391 8214 545 9855 6206 8384 1853 5978 381 9174 8233 976 5641 151 9610 3478 3998 1800 2749 3645
28 2238 2870 7735 5492 2736 4181 2918 4282 2318 4095 7706 3290 832 9256 3514 1382 4750 3113 2988 4441 3792 4675 708 632 6201 9947 3218 3829
28 7296 327 4852 7030 3471 7636 3373 4636 5166 5446 1610 1039 6989 7873 1490 7344 7893 8221 5614 500 3342 5788 3725 8531 8838 889 8792 119
26 3439 7914 1752 9166 7648 9123 7723 9825 3541 7597 7925 3298 2148 863 3463 7795 5810 7433 4206 3206 4342 7306 8535 581 6673 6269
27 5875 4611 1942 5794 9785 6504 7572 2531 7405 6584 1423 4822 4127 2705 7150 9381 9617 6104 7143 3751 827 5319 3910 1347 415 9164 4714
27 2313 1143 551 1520 9754 7286 5857 5496 4888 3431 5488 858 9672 8348 3250 5378 5487 8900 3566 7819 1155 1506 826 8032 5907 3074 2668
27 7675 6190 26 6275 3292 4076 1342 1248 6856 2610 865 5874 4779 3067 1613 4261 179 6004 2035 3593 1086 1951 3547 8582 5375 655 2582
27 8463 6845 6154 5113 5815 3898 6746 6643 7142 4542 8067 6224 4410 7491 5737 3837 5628 1656 438 9199 5892 5753 6593 8058 1975 796 4097
29 9648 7822 994 7395 2512 8049 5182 1547 2762 8528 1427 8147 3548 8248 9824 2464 6380 3567 3184 326 8208 3736 7862 4210 374 3208 2627 2189 836
25 2738 570 1468 1330 5298 3733 2429 2129 7105 8318 8189 9769 7112 700 3047 3327 6736 5338 6831 5141 6771 8323 2721 4532 1295
25 311 7883 9460 5345 8872 1985 8526 87 7462 38 1214 4601 6345 5842 8295 8034 3378 935 3230 1318 2405 4984 5950 4552 9188
31 9762 9960 9288 9942 6890 5537 1421 3680 5499 9272 5969 4055 1096 4921 1742 8686 861 866 3897 6384 834 646 3549 9000 4932 2162 1978 731 1015 8298 1268
27 9380 4804 1387 8586 8282 721 589 3871 230 2924 2643 8752 7276 5546 9169 4305 5034 9541 7113 4462 7354 8343 6002 3779 4197 9094 5991
30 9133 6042 8653 5965 1278 3323 6520 8681 1243 7993 9339 2083 4856 9035 5106 6024 6406 5220 2015 8370 613 247 8113 8473 7391 6316 9881 6916 4762 1345
31 5784 1566 2381 6770 5555 7922 4046 7769 3722 4795 5570 4031 5856 9412 2656 909 2615 6147 6432 2447 1941 7350 8457 5656 4849 3133 4783 1254 8068 8743 2956
27 6393 3288 9417 8415 3278 6237 8439 3332 9121 5502 893 546 4344 4402 1103 623 6350 6146 6649 992 4731 3691 4485 2751 5110 9064 4512
29 9753 6557 8678 4870 4311 3757 3881 6710 6359 789 1986 6773 7589 6272 8761 6629 2889 1403 241 7635 8947 8069 3053 8742 4366 5459 4346 2807 5410
27 8718 6096 4581 7871 7744 4716 1760 4597 980 7765 5904 199 140 3095 8842 153 5652 8414 4404 774 7685 7137 7665 4012 3045 9642 8387
25 4692 2209 7545 910 429 4186 6822 8500 7024 5530 7188 9792 7099 4819 4534 5750 4928 9938 8508 3977 9181 1834 9535 3024 4963
25 0 2996 1531 6482 5207 952 3347 9467 6630 3364 7377 6310 8332 7692 815 2951 335 5495 9237 1159 8342 7998 121 6823 9847
27 9395 9475 4768 3169 5476 3172 2353 706 4694 9153 8499 6238 8826 3700 1054 1567 7932 440 4086 5778 4154 1162 9450 2990 2170 870 4605
23 4478 9211 9826 4944 6407 338 5201 6740 3508 9057 7001 6483 6968 4557 7023 4770 4233 7818 3699 6289 7094 9463 6217
22 8001 3363 9248 8919 2135 7406 1028 9919 8558 8149 4365 1469 4094 4498 4899 3624 6911 2964 4615 1881 4643 3071
26 9583 3265 5557 1491 9933 3524 5713 3537 6703 6752 358 8877 5998 8352 2540 2387 6403 8023 3822 9432 8729 3066 5173 7413 5685 7270
31 499 8502 7494 3899 5668 421 2049 6727 1609 3105 2760 7771 2923 3635 1744 2704 2060 2757 9021 5498 3162 4826 3395 6196 1953 8929 1337 621 5609 5845 824
26 1735 9696 1365 7864 6150 4126 5693 3079 3018 9203 4833 301 7007 8334 7844 4072 9409 2899 2997 2742 3070 4908 4228 573 6883 6320
25 8022 9601 839 4239 7161 7650 784 9565 4370 7815 9664 9233 6591 6846 8599 324 1058 2543 206 5243 6209 3727 2571 9991 845
28 4524 5014 1191 3534 9385 5400 4587 970 200 8493 5350 6814 8605 7549 8886 8621 9757 775 8028 3193 2702 6934 8229 50 5225 5359 6184 2530
27 5163 6428 5588 6543 5721 6970 8327 7436 1238 6567 4040 8832 5200 4090 1530 1736 5252 9070 2596 9614 4211 6158 8965 634 1798 4680 7861
25 1368 6975 7343 7894 6283 35 8897 2179 7038 6711 1526 1754 6763 4215 7265 8095 1351 5389 524 5111 1902 9348 1594 2737 3901
24 107 9872 328 665 6374 7625 171 2468 5670 9327 2011 8956 3464 4761 2287 7437 7684 5458 3787 3572 6499 9788 6798 7697
27 2021 5801 9104 2933 8906 2873 899 7201 3203 734 1435 8769 8775 914 9197 6302 9717 7476 6875 6219 6071 5872 3081 6356 3734 4674 7885
28 2674 9168 6488 8903 2756 7790 1198 4325 6824 6697 3982 4382 9959 9344 8355 3213 4525 6326 7510 8 1987 767 9318 9022 9208 5548 8187 7654
30 5639 5832 5130 1924 3476 2141 8421 1639 2039 5508 6862 5018 7247 4288 1052 999 1224 5246 4372 348 7507 5979 8806 8408 5657 6011 5937 1385 2143 3529
28 4048 1579 7175 4568 1407 9752 9097 1042 9184 9798 4792 1226 5124 3174 3011 5048 4128 5758 8667 3125 7943 657 2377 9301 2626 378 4791 2386
27 174 7313 1842 4099 2965 504 8834 4247 3229 1419 6354 5579 3759 2666 7184 4614 8217 17 7041 8181 1475 7687 4608 2510 9505 6842 5044
28 9461 1660 5334 1192 4909 404 6556 8913 3558 1797 7942 6849 6178 8371 2759 4148 802 1169 6400 8016 176 3658 4624 1811 2819 8750 120 126
31 209 9180 6257 5324 9224 5005 1612 7347 5838 1089 1683 9815 6672 1389 2416 1498 5426 4955 5755 7217 6417 7168 6984 7497 988 7902 7074 3459 2311 4561 1079
28 7541 9543 9366 3919 9076 5542 2609 7202 7401 7071 9089 4952 6367 2903 9359 9430 982 1886 8116 2453 3600 329 3538 4613 9032 6059 166 4548
28 6212 4052 9992 5377 1700 5313 4530 33 9870 5100 4732 8106 4825 986 2056 2739 2508 5295 1216 5625 9062 9486 6799 7457 6828 5559 2670 4965
28 6747 9714 1595 3618 4529 232 4486 4457 9883 9771 7387 529 9501 8915 6450 7615 1057 7218 5640 8331 9516 748 6723 8632 6339 3014 8776 1678
31 2331 6197 626 7529 276 2 5333 8204 5525 8093 2908 2175 3784 7955 2513 7352 9703 9158 3003 9196 1536 1341 4763 7398 7 2934 7128 1181 6028 3872 9015
29 3489 187 2652 3551 5740 2526 2352 2057 9477 975 1971 2509 5550 4873 9372 7846 1352 5095 7758 9659 8984 8662 3115 7987 4150 3859 6308 8024 9358
27 7369 5254 5030 7448 5675 5566 6005 4192 7259 1203 3711 1118 1290 8222 3321 5800 984 2593 9647 8444 1334 3509 4449 9661 1449 7930 3589
27 9182 5703 2330 1014 7724 2239 3122 4722 9808 5403 9545 6948 9279 522 2527 6977 7881 7848 3245 6023 6514 5902 7897 2976 9148 9586 7294
30 6215 2823 5336 6595 6635 9219 5705 1414 4799 5068 360 3606 228 9068 5265 5972 8990 4800 6045 9518 3077 6700 2764 5824 7714 2927 2779 1601 5789 503
26 1174 8404 9913 9568 8745 2145 5585 7637 7800 9658 878 123 6182 213 4335 2411 307 2650 6937 5933 8451 2392 6293 3649 2712 6496
31 2744 2417 182 7331 2479 2053 3001 7915 1810 7651 2763 1708 872 8455 7792 1142 5746 2200 1732 4187 9783 9401 3097 3874 8428 9945 2302 2926 5805 145 4881
28 4642 6956 1424 2205 1964 3412 3741 7415 2030 1002 7554 430 922 5114 2462 1537 2839 1582 8705 6913 8521 8888 2072 9582 5918 788 362 849
26 5457 4398 726 108 7707 5945 393 5433 2832 6847 2931 1988 2900 2404 337 4814 7570 4451 1230 9519 4651 3424 7280 7741 8978 9296
31 484 3581 9584 3643 3811 5020 8178 2281 2280 2020 406 5504 1094 3692 2753 8707 7578 7447 535 3935 8863 5145 8202 5341 18 9034 2498 5734 4257 3826 1690
26 1932 4189 698 8977 3177 6242 2295 5435 4193 597 7032 3975 7860 8378 6100 131 2290 1502 7314 7325 6645 6679 4510 3661 6447 5953
28 1299 9151 1377 9747 2169 1758 4567 3151 4306 1749 6693 683 6757 5409 9507 2727 414 5773 6195 4846 6373 7269 7169 9335 344 5586 3030 6561
30 6419 9340 3482 1983 2350 4710 9777 1131 3619 6328 4577 3035 3392 2825 3488 8115 1452 2010 8283 3499 9295 2133 6682 5563 921 5190 7523 9576 4872 1928
27 4315 4764 523 6888 1205 817 4156 7980 6427 8469 4204 6707 5770 2686 557 1830 3672 9077 6039 8868 8059 3469 2796 1958 4811 5280 5204
29 2950 4141 1539 3878 3575 9956 1465 53 6473 472 8089 8145 225 7077 2800 9673 7829 7410 8056 9230 4982 7274 1274 9652 3438 4646 1404 9869 6390
27 5376 4473 7781 3972 1590 9190 5901 3019 7467 1132 5023 6609 7824 2389 7157 7298 6048 7221 5422 1480 6132 725 8104 2884 1470 6929 5729
26 9939 9443 8080 6655 5534 2395 8050 1549 2558 4201 54 3131 249 157 8550 2581 4493 7964 8021 7140 4265 8520 7617 5926 3226 7850
26 8553 6570 2648 6687 3333 3322 1855 8937 365 4413 9634 4243 8604 6701 1504 1047 6494 4595 3282 9102 317 9905 1279 3406 9383 5897
24 8646 4049 766 3679 9559 684 2770 1839 1020 7536 4136 907 4161 3401 7779 2087 4879 5623 4000 5719 4631 8830 7008 4526
30 7489 4119 1824 4338 4327 1260 8992 3917 1904 4446 1189 9500 5329 6882 9287 3441 9595 9040 1 2929 5636 5094 9834 3739 1586 9978 7508 467 7772 6952
28 4550 5370 9136 5914 8624 2752 8954 5348 8679 6344 21 1309 39 5869 5015 4199 270 5627 248 2192 9656 1041 8716 6619 7791 501 5736 7165
29 2574 6198 2711 5136 8481 7552 1059 2036 2375 7338 5146 4929 5035 5083 1935 9250 2617 9712 1606 3068 1565 2490 4220 3591 7977 7524 6222 6932 1533
27 7278 9159 9561 5564 2971 7528 4093 7349 5821 7743 6820 881 3631 4376 9367 1413 8982 6487 3776 9944 3768 7311 8633 2294 6431 6506 950
26 2334 558 2496 1704 6864 5598 9241 7891 8728 3986 9952 4658 6352 9010 3028 7102 6714 2070 3433 3445 410 5558 464 8409 1270 3956
29 7356 5798 281 9273 3380 2024 9831 5619 1871 5384 995 7195 7059 394 4919 9552 3389 8614 302 3276 4359 7786 7434 293 5380 4571 2275 8959 7399
28 3182 5057 4805 8170 7309 9702 8751 7715 4298 4194 974 715 6434 8512 4918 4851 2185 8975 9103 6120 8997 7083 122 8275 752 859 5526 1697
33 2499 8786 8504 7115 8118 3518 7177 2519 5353 3912 3388 8325 5311 6674 4428 6951 8038 3889 920 6565 6518 3046 2592 9566 9341 4427 8252 7287 9020 1518 1428 3970 1791
31 9936 8546 1364 4067 9130 2144 238 8572 1219 5222 7122 5699 8616 2463 7288 32 2372 2315 3376 3728 6193 7814 6825 7389 5589 6569 9524 2567 4518 1991 1367
23 4672 1817 4392 2482 6382 4165 5867 8700 7670 4047 9187 9455 5356 3204 5816 2460 8086 959 7263 6751 9759 5032 8317
31 1433 6791 8339 2963 5658 304 908 2838 8316 6515 2068 1799 9906 2724 8255 4598 6904 3301 407 4406 5393 9911 2180 9369 4121 4468 6251 9476 8060 9152 2630
33 3520 4078 436 3361 7042 9052 8063 3283 8012 7441 1602 7876 4178 8294 3310 7308 5664 4748 9716 4727 1645 8563 454 9271 346 8326 8985 3141 1209 7156 9916 2532 2267
30 9795 9888 5326 4701 2916 1597 5102 8176 9456 3234 4665 8284 9222 3502 8675 3723 86 6306 4321 5554 1116 7874 9373 6733 6986 2491 6833 9347 7371 1212
26 8911 45 2038 5233 5865 1325 8615 3118 1996 4264 8245 6454 9628 2576 1706 2034 8757 9626 8496 9026 3990 880 6 8810 3607 9650
29 4251 3423 804 9498 7689 4151 6718 1487 6550 9006 9056 3546 778 6612 376 3894 278 1616 9981 1286 6064 2515 3809 9245 8075 5665 9633 9452 6546
27 3830 750 9361 3324 3462 5258 8701 9494 9406 8723 3078 3407 4456 6665 844 2741 9297 5415 8098 9926 3309 3712 5728 6490 4698 5635 8351
28 5556 5835 474 9695 3867 9095 1588 6622 3644 3683 4679 4130 292 3981 4633 9876 1887 9528 4861 4987 7646 6095 5715 3752 3196 497 5774 7422
29 3480 7828 9662 5213 9984 3954 7519 678 7185 5188 3854 3715 5687 9760 9871 3819 3609 5827 255 7231 2319 4133 6131 3673 5381 5017 1812 3148 1559
22 150 3611 8205 2836 9930 5456 4628 3225 9745 6097 6252 1972 6414 9830 6249 347 5544 2443 6478 2211 3274 8225
28 6738 9321 3076 457 1442 7086 8687 3774 6531 7727 4582 4985 6915 9002 3684 5541 9426 2886 9294 1335 162 1372 4741 8554 3710 4380 5915 1864
25 9310 395 2332 6819 4415 8445 6016 1373 4444 1693 8602 1589 9490 8901 9214 1265 5444 495 3749 7827 4155 4416 6654 8596 3403
26 1302 2600 6319 3701 3914 6459 2746 1300 8004 9970 9087 6510 3220 2982 9050 803 2492 3638 2580 5858 4709 4024 4296 4270 8803 7319
27 1944 719 7653 2550 4060 5069 2012 7579 7845 4553 7872 6872 4564 133 6026 4373 9323 7129 8973 4972 4333 4073 1328 3841 7154 547 8070
27 3604 660 3681 2140 605 5058 402 5802 373 7935 322 6429 8446 3828 3920 9325 1906 5957 1743 3093 1663 543 6899 8174 6704 6881 3580
30 8264 9145 5645 553 6092 6748 3845 6452 4394 8458 9093 9090 2120 6878 9996 214 9630 8843 8626 6346 867 4445 699 9277 486 1939 2123 966 1954 5690
27 2136 2849 5325 612 9492 8890 9937 7988 4527 8369 8899 6486 643 2006 1272 7236 6760 4357 4405 2172 3223 9225 6317 6761 3451 8290 1522
28 4809 8858 7566 4481 4824 3442 2166 682 9622 8974 3262 3553 7990 6646 3786 2219 4470 8495 4853 4464 1078 9657 4505 2478 5161 6404 9995 537
29 7561 4065 7720 336 3350 6073 1095 385 8642 3835 8861 7300 3382 965 6540 2224 3109 8827 4837 4725 6608 6855 9569 7376 737 3906 2585 4712 3143
29 8741 9141 8835 5938 6889 2323 6766 6304 2403 323 7767 4028 8824 7072 1029 4277 1122 2568 4310 7813 1806 6949 4142 6080 9637 1305 2448 4890 2215
28 2687 9822 9155 6497 4660 1809 627 3049 9571 2511 7473 1709 1436 6060 7859 8168 633 461 9929 9125 7548 315 6489 4255 399 79 8484 2467
28 2853 9246 5583 6871 4966 5117 8651 4969 8627 3785 6357 5501 9908 4375 4074 9091 6530 8996 6759 1563 7821 7454 8411 8902 8777 1705 2915 4418
29 6652 1134 2607 7031 7496 1818 3907 5726 2154 3997 4889 4262 4443 4892 4835 8482 4226 3616 494 1161 9156 6957 7255 9379 6782 8219 2119 8092 8479
24 3243 6227 1062 5156 8885 8193 2912 690 2722 4140 8347 8939 2632 604 56 4752 6788 8930 5607 8065 5091 9766 47 2556
29 9078 6603 6600 3259 3755 2346 1004 3587 1259 1852 6918 8159 5611 5450 3026 4434 2292 6739 7624 3485 3969 1438 7451 1331 4336 1786 8081 3421 7608
28 6274 389 7639 9506 9669 9721 1521 7896 3086 5906 4383 237 7739 1894 9852 5567 9405 424 4649 6525 5250 1527 8515 9041 1446 8105 5021 212
26 7960 3153 5197 417 6961 7416 5144 1236 674 1980 7863 6085 2984 7238 8031 2564 8804 3394 4029 4912 9364 2896 9082 6503 5667 7537
29 4454 1472 2698 5503 1140 5128 5855 7603 1969 5863 1326 3813 3055 3284 1494 369 618 285 3714 7160 6243 9744 5992 6917 5234 7289 7788 6762 1739
26 7880 1641 1437 747 4926 2126 5368 7359 6015 7336 3490 9651 8094 664 5646 5730 3799 1611 9085 5087 1432 8962 6832 9244 3985 7934
28 435 1109 7539 9522 8130 2768 8634 2536 7078 4864 8224 3825 9821 1085 6601 3108 449 5958 9709 6900 7640 1065 6886 5518 5408 4020 8918 8132
29 8920 8407 7793 5898 4217 9384 6313 9549 3573 3304 5429 1228 4100 6719 1968 1664 5956 4704 9144 6896 4253 757 1628 2328 3938 9143 5092 1313 5007
25 3647 102 2086 5889 9732 4436 5251 221 4673 6750 3481 3280 2474 5441 7663 7962 5786 6617 3007 4663 6852 6909 4042 6159 2249
27 2794 862 5237 8540 462 5783 9055 2771 2071 7284 5442 9179 6114 3132 3674 4033 7591 6527 3967 579 284 8852 3800 1937 3796 8928 6564
25 9880 4114 1125 288 6681 7408 6112 8182 833 2502 2877 3629 1771 7033 5505 9140 6712 7495 2081 5364 8157 821 6141 12 2444
27 9437 2851 1573 6245 4279 1505 6123 9546 550 9376 4431 4988 8721 4343 4177 8860 7500 9551 2208 8452 1843 520 607 9253 5864 6008 1350
23 1541 9413 4501 6671 2524 5910 7022 1440 5822 5059 6590 8659 5817 533 5775 8029 1741 5572 3189 6290 5232 4913 3062
23 8478 4753 2793 9756 6117 2201 6379 9238 4630 6329 2373 5852 4713 8135 4149 3293 7225 7067 5004 8922 8556 1237 9423
29 2266 3425 23 2890 34 3987 273 4200 8462 4273 4831 5314 7811 9092 3246 9931 4934 7438 7832 3255 5929 7302 1989 1974 640 7738 2345 1672 2007
25 9172 4616 7329 1614 785 971 1865 2552 3330 1444 1618 8185 4371 8780 7673 5573 1471 1901 9840 2553 1277 6408 2709 3197 7965
27 4134 1141 9688 4318 5520 4355 3205 9220 7664 2522 7400 2780 9160 7557 8942 6180 5493 1910 3738 6880 2374 2694 1716 8146 491 9330 6133
30 4734 8598 8453 1846 4088 9632 3764 5990 8368 6286 8289 6318 7928 7941 259 8925 1308 234 981 7546 7353 8684 5616 2366 5088 8169 8672 2308 2487 2850
27 2409 9111 5967 6250 2860 8471 792 6186 8476 5983 6456 4147 6399 1146 7831 1819 7778 5056 2792 5463 8340 3750 9503 37 8779 2093 3663
29 1194 5354 6729 4503 3950 4655 7381 8790 1898 2654 1349 4168 3955 92 6749 9299 9122 7912 7628 8839 4886 7446 8357 7905 2250 1576 2514 3083 5216
30 3299 42 2241 502 9416 979 3703 7061 3654 8655 1622 3194 741 2699 5913 6908 5093 3211 9483 2692 5098 5931 2361 4971 9539 4681 44 7463 2907 8216
30 6744 2265 4797 8592 9685 7516 3417 208 4231 9183 8638 5490 353 9218 5367 7919 6692 6220 6204 7181 3056 9511 4330 1357 3257 735 4531 8164 390 2957
31 8423 8103 3511 3765 7335 5553 5109 9033 5654 4514 2410 5749 7328 5291 116 777 2683 169 514 1781 9534 2402 2458 8091 8449 8706 2046 652 2572 9723 7806
27 2450 1717 5147 9257 1186 6474 2343 2101 164 9733 2183 5413 8623 67 9135 4723 4332 6106 3594 9597 1528 2210 5624 7713 3355 953 5851
29 2797 9189 5388 5653 2469 5612 5860 7910 5235 620 7409 161 359 1952 1885 9707 6594 4522 6315 1625 3964 139 9879 1731 442 3988 4352 7764 8631
28 3803 7426 2830 3632 2795 3855 6351 8966 1055 572 2846 9720 8505 8507 9464 9390 1783 2485 716 4056 9512 6122 1687 2865 5039 9878 5276 3285
30 1420 9215 5944 3630 5310 6922 949 8865 5916 902 409 9260 2629 5480 4284 7312 1838 7681 9419 4143 2473 1729 6165 3523 1501 3154 6943 1634 3328 5050
31 5223 4974 1807 1036 6973 1795 5714 1322 4263 6690 1168 6954 7340 143 2424 3495 1840 5205 6853 463 9396 3564 4013 7501 5286 1685 3450 2422 7677 3101 4866
29 1888 3491 4949 7216 7014 9073 6000 4639 3335 3176 7816 4316 7509 5132 8630 2032 2326 7836 3824 705 9337 3915 1945 8635 1017 5660 77 882 2273
31 380 6507 9038 552 5112 7084 5680 3238 3242 4640 4158 5366 7522 300 2080 2165 8489 5519 635 3535 481 7762 5754 8998 7101 7644 9962 8077 7801 2493 1099
32 3904 5482 4494 8523 8134 659 5460 4018 489 1009 9231 9562 1045 239 6129 125 7953 2251 903 222 303 8041 7710 6987 9684 2669 186 4884 9698 1655 6524 4063
28 2435 1833 4989 5934 8003 9621 443 8281 93 6994 6296 4782 7877 6945 2369 9421 9683 6288 8291 6469 8301 6109 11 3688 2398 8002 852 6960
29 8263 5959 3827 2855 2263 9836 7383 9258 5522 5683 3669 3858 4588 8206 7531 8538 2743 7882 5539 6343 3244 1084 2787 3861 9686 2844 4517 2616 8402
27 888 2452 1060 563 6790 5066 4030 662 9178 5192 5404 1933 7701 5718 8764 4610 5331 4399 6528 7780 4536 8772 7551 4367 8981 9113 8640
25 2027 3704 2152 5632 3009 1229 9267 3892 8931 4132 3449 1905 5622 4106 1190 8817 2347 3221 6355 7480 3559 8241 1629 2075 8898
27 6205 9925 2713 4751 6925 6869 515 8727 6331 4638 9654 2408 4425 7623 1719 9312 2226 7994 2112 8380 9399 3542 1957 7518 7089 3202 6955
27 6615 9371 8657 8503 540 9150 220 3130 8677 2857 2092 1223 9355 2130 6724 1720 8367 1884 155 4968 828 9221 2559 7705 8376 4699 8768
29 6446 175 2517 1035 2418 7219 9268 8575 9302 6036 2960 4652 4281 1163 8855 4098 8422 4378 1225 1450 1757 8785 8101 8763 3239 192 8011 2059 7747
26 8577 156 6423 8948 1976 3331 2992 4377 1269 8213 1395 9300 1721 9902 2300 2972 4836 5980 5362 6019 8456 2197 1762 8880 1255 4502
28 5772 6340 4349 5903 487 850 5999 4248 6500 771 4641 5547 4153 2887 3147 7321 5379 1598 3004 4618 2871 4744 7892 1633 3214 7991 448 3868
25 6538 5524 4236 227 3921 1600 7728 9955 4938 6472 9548 2897 5332 4551 9292 1977 8119 608 6383 8079 5649 2360 6818 6573 1727
30 800 5777 5008 5206 1772 3557 2218 2710 7054 5277 6188 3402 8967 8337 6684 8883 7656 7499 8587 3419 1624 1949 1646 5316 3426 2953 843 5780 4268 6647
31 2613 2163 7704 4807 191 3698 3410 4001 9665 8968 5704 9067 644 3094 2657 512 6924 7999 2690 1043 8822 707 728 4810 1447 2427 7125 7107 103 1027 9410
28 6979 3592 6425 3339 7244 5226 4286 5 8609 8274 1519 3228 1880 71 2682 2546 9570 9471 3263 2127 5363 2905 9069 3940 2501 8916 3161 5717
30 996 6950 6982 5049 6416 9128 8234 4393 964 6160 5603 6651 510 4749 5727 6111 6758 2227 8671 4429 1200 2102 9608 4790 6688 3717 5430 2959 2985 2809
26 8506 3353 2414 6578 5895 4933 5478 6057 5843 70 9983 8722 5006 3102 7425 864 1332 6536 5792 9198 1997 1714 5650 3404 6843 9154
29 6874 691 5837 8440 4803 2755 6278 6634 1759 6276 6666 5533 7404 2014 1409 492 3971 5060 5605 1356 1979 5011 3483 3163 6534 3993 8353 4135 7555
28 8581 5919 4303 3937 6699 9640 2138 8442 9954 2055 7345 9007 9694 9453 6653 6621 595 599 1075 7057 1208 217 1031 8648 8788 5795 6377 4940
28 1167 8551 5608 8952 170 3536 4314 1854 685 3254 1256 1329 7429 5438 1314 7853 8129 386 5272 3718 9746 7254 242 5085 9065 7770 5256 6947
29 3934 4469 8207 6640 8566 5116 6767 8375 4221 9554 2320 5175 6582 2818 8509 3061 6462 1511 3890 5617 807 5893 1019 8802 4196 4580 1464 696 3375
28 9495 7382 3911 3598 2570 1890 7180 1282 9350 1120 8794 3273 1320 9365 8650 4421 6521 2111 5236 2754 9875 913 9402 9377 5677 8736 4682 5859
26 1525 8039 8492 6928 9515 7721 250 5296 7709 2943 4002 55 8137 264 3961 1117 6110 3732 7403 9715 7734 5725 9320 3979 3305 4871
29 901 5160 8406 9868 8356 1863 2906 9139 1293 2591 2274 5568 9839 7939 5830 8278 6375 6226 112 1858 2333 8230 4508 4173 2883 7119 8979 65 3468
28 8673 2378 8472 3693 3951 4834 795 5682 2608 9485 4521 2955 1861 6927 403 7025 8109 3525 1088 8866 9345 5920 5961 2856 7520 1626 7856 9003
26 4452 6808 3025 9117 9699 6032 8663 740 7526 2415 6210 9228 3199 7146 8190 6768 744 2598 6568 5710 7252 6103 1375 5275 556 2786
27 7240 3183 9814 8152 702 5153 7279 7679 7375 7680 2286 7108 5352 109 1261 4351 8688 6628 4299 5078 1251 267 4362 1930 6181 4954 9444
27 2433 601 7855 8125 1909 7890 4250 6027 2233 7703 257 1557 8892 2390 6044 8908 8401 2445 6387 9195 8704 3862 6801 5571 196 5787 5551
26 8828 1808 6001 4507 3064 2914 6876 8417 513 2562 6708 1402 2354 8338 4109 1495 6443 7241 6401 7303 614 6077 2691 6667 8986 5930
31 5396 306 5383 7918 2876 7867 2394 8840 886 9689 8437 7989 6253 8279 7587 5971 418 2327 538 8171 4742 9005 6468 5888 7204 9789 8685 1119 990 6371 2561
24 9675 4260 1734 4937 4622 9462 745 8123 4579 4990 2495 9458 2428 669 8758 9162 9521 4626 5922 7857 6248 9134 6068 8744
26 2247 962 7256 3171 598 4084 6485 8594 3281 1532 3743 6552 4603 1453 2697 9480 6314 2277 4022 4848 25 7152 3207 368 8548 2155
28 8292 1187 6980 7011 3612 873 4302 3528 2843 5189 2735 7466 527 3778 1458 3978 4496 3231 5043 772 4939 3338 1658 1900 9953 181 5747 3958
24 9393 7674 7511 8710 7384 422 2358 3300 4691 648 5292 6996 9823 180 9239 165 6372 9048 1107 3578 235 891 2789 1473
24 2158 8995 811 3044 906 8714 3847 5010 6037 7355 1695 198 8871 5485 2128 8608 4513 5469 7469 5221 4664 9045 8774 9782
26 3984 1999 3384 3503 3264 4476 4495 9223 8398 3648 9420 1899 6098 3806 2869 9047 8773 4070 7208 6589 2455 6636 7666 7923 340 3769
29 3427 5552 8394 3640 8833 7430 3804 5580 4395 6163 6715 2260 2033 3065 2939 8882 5924 8972 9624 6307 3217 1355 2159 9259 8818 4584 4619 9767 7839
29 2232 8220 8545 6347 271 1860 1560 9625 8006 7028 135 9976 384 8821 7740 628 895 7763 4838 1156 9266 3337 6070 8853 2109 9342 6920 2008 1551
29 7981 8961 5077 2037 6815 1076 9407 8454 8588 5070 6171 4101 4696 6143 2967 751 6365 3886 9387 756 2362 7599 4772 3676 1869 455 6532 7804 9403
30 8256 7418 3209 9743 3385 2573 3696 1138 1160 363 3313 9529 3515 4379 9280 4420 7431 3437 3343 1763 1710 8300 9386 797 4036 1454 7746 1967 8270 9555
27 1149 1048 6214 7394 5461 9484 4252 4137 1307 8894 7645 3020 5198 2342 7196 9653 2131 3569 4711 2461 1232 4176 6838 1981 4947 8236 9645
26 2322 2156 3128 3099 8237 6794 6816 4116 565 5238 6914 997 1102 8560 3129 8133 8643 1273 5494 6116 114 1878 638 4895 8539 1946
25 2541 9284 5149 3579 5171 8293 466 3320 4657 2066 3807 3944 559 2125 1050 4202 8692 5745 7017 6239 9667 6013 9023 3668 4556
29 6978 8544 4922 915 9459 1152 1430 1750 1883 8917 8907 3435 600 9060 2324 1918 2113 5733 72 6549 5203 7562 1966 3447 809 2885 6637 5591 8265
28 6971 4322 482 5532 6623 1197 5949 7203 5138 6902 6277 2725 3416 9261 6502 318 4970 3013 2700 246 2831 9331 2079 4850 3948 860 637 265
27 5512 8141 207 8177 8017 4896 9397 1740 630 2947 4489 9812 8591 782 305 6451 379 4482 923 1164 6034 8209 1018 857 8935 4384 2371
28 117 671 2297 6857 3149 9751 289 8958 720 4334 5963 5828 954 9217 1457 6607 6334 4738 7333 8825 137 1500 5686 6366 9894 6821 3633 7460
28 4745 9194 8590 4808 4442 8549 1441 8756 5303 5975 5322 1233 4293 2878 805 6837 6079 3885 1903 8419 1733 8735 7182 7220 2248 5711 5870 6271
31 9986 9053 1568 548 1862 9079 663 1257 6299 9425 4363 5601 4021 2852 7532 1145 8926 2466 8425 8271 2259 8767 5271 8359 9205 441 251 8953 5317 7841 2587
26 5315 701 2864 9635 5826 1462 9874 4828 5343 3069 5412 6581 1796 1046 8713 7155 9998 279 9265 8344 3947 1874 4381 6041 4600 9388
26 190 6440 526 2583 6992 3316 4560 6657 6369 2538 3863 8413 3317 1171 1488 6009 588 3248 6035 4920 7567 2437 7453 8018 587 8151
27 9725 3766 3104 6062 49 130 1025 3731 9989 7931 203 7906 2370 4511 1135 8578 5642 3325 4924 5179 3843 3200 5776 3729 2257 2329 578
27 8649 8078 596 7695 3763 6177 5051 2106 6236 871 3742 4519 2276 7005 7493 4414 8720 591 4269 6047 7145 823 5996 2537 8658 5489 6810
24 8249 9988 1893 8781 4034 1715 4739 610 3170 5297 8047 1172 2017 4448 66 3928 2246 9807 1296 8030 9680 818 2848 4540
28 6919 8299 3833 1113 1822 6444 9242 2622 2748 8783 6412 6574 6976 7118 3063 5443 7159 3960 3031 272 3307 8905 5300 3112 4138 9030 7470 9544
26 2728 6392 159 7397 1100 2841 5706 8569 3156 8511 9993 5791 3622 7809 3477 5565 9513 3790 5923 3597 7594 1110 195 4798 6972 6161
30 106 8595 4057 128 9039 8083 9520 1165 216 1917 1692 3110 2044 5691 4743 3747 1713 5447 887 840 4894 3140 7657 8789 5515 427 9904 3072 4832 3870
23 1411 3190 2766 928 2430 4817 1592 9851 5028 4374 8448 7620 2970 9400 3895 5631 8674 8405 2579 7019 2269 617 3540
26 1707 8424 5097 2813 5483 7976 6292 8410 5159 5355 5514 6183 3834 855 580 6439 4700 4043 3621 9088 6067 4537 3352 7810 4998 8360
31 1657 3249 6683 69 5968 1239 9165 8285 9892 1242 4460 4544 1630 4992 8864 831 4477 6930 4492 4541 1087 6529 8212 7092 7600 5009 6136 2942 1891 6498 6942
25 2679 8579 1691 2244 6102 9263 81 6300 8211 8652 9857 2382 5027 4340 7733 9262 9920 9142 433 8881 6420 783 9572 6784 3758
26 1012 1204 810 479 434 9678 9229 2542 2097 9979 8335 3849 7290 3888 4280 7909 7676 5986 7366 4816 9036 3848 3842 4840 1550 9968
25 3821 2672 2351 5462 2640 4249 4983 2301 8641 6572 7291 4435 3454 6378 58 9290 8288 7975 3414 1992 1513 9849 8043 3760 5481
28 5302 3256 4878 5475 8297 4 4195 768 6859 5587 6385 8760 4844 2720 3686 5994 5804 4112 2312 5154 4609 244 7716 1859 8690 5386 3816 6061
28 7927 602 7606 8870 7581 1080 5423 1923 9504 319 2788 4241 2040 3456 5808 5695 9893 1366 6381 5626 1455 3023 4733 9924 2264 3959 3474 6264
27 4205 2805 7642 6152 2228 3620 8991 8831 2207 3166 8862 911 6192 9334 6166 1383 5040 2181 5038 4604 7372 9206 2160 7601 5536 9829 7908
27 5390 2223 929 2554 2599 1241 6554 3090 3215 6800 4440 1962 5962 30 3400 5825 9985 342 9638 2117 4326 9865 509 2828 8374 2431 4789
27 7392 7760 6931 9236 9806 3266 5229 9909 3348 8040 2835 9482 1405 7712 9800 3137 7834 8420 5139 201 8923 2529 1857 5402 5398 2380 2134
27 2489 773 5195 1422 7147 163 8746 4015 6523 1074 4591 1128 4602 3896 3073 9046 9509 5927 4668 8136 2597 894 2731 8987 9293 4353 977
27 6854 9581 3210 498 8699 4784 9590 3667 1603 7835 4064 5766 3771 3377 48 4902 2695 8333 1780 4653 562 6126 2784 6907 7050 3366 7153
25 9362 1764 8143 9120 3139 4183 9660 1301 4898 8144 8435 8436 1517 6644 8461 4453 3475 9663 8951 2824 2095 1361 6029 8589 9255
29 8076 8057 1038 656 3682 3702 6481 5351 8737 8993 8025 2078 3146 3134 3893 5833 7012 4258 8336 8304 6777 1775 5328 1005 7505 3909 8585 3038 5269
29 6218 666 9589 2649 3005 1776 4096 7239 1151 9885 8258 9502 7443 2761 9763 4669 4693 5989 5708 9711 9775 6848 2285 1790 4936 8895 1607 5836 4747
27 3195 3198 1339 4535 5244 7361 425 5369 2176 790 4941 8755 345 5909 7075 2821 8319 2521 7357 3178 723 7445 2729 9285 6988 9987 1484
34 1258 7901 846 8927 9352 2186 5308 309 9537 3185 9436 9254 8358 5279 567 6337 3446 8796 7126 8498 9560 4654 4787 8869 6870 1722 5663 6592 8127 695 8606 730 7789 4235
27 6764 7633 3665 6765 2147 8381 8876 8912 8013 560 5405 9309 7586 5943 7630 3253 148 1463 3561 5785 3374 5101 7411 8782 9748 3106 8683
28 36 8184 9791 3659 3953 4009 1681 9329 7751 9270 3908 2100 6999 8035 8814 6895 7558 830 9671 9611 5335 6641 885 6858 7616 6203 3349 1851
29 3745 934 377 1956 1139 1175 3610 5637 5879 1092 4266 8691 4617 9252 6786 8534 507 4475 1379 1940 3793 9210 6501 5575 9805 806 1071 9100 1990
31 2310 8725 1030 9200 5263 3623 8072 703 3297 5900 8330 9497 1489 3584 4045 6741 7757 5394 3085 9896 6685 5283 364 1202 7461 1108 7683 7386 4590 2968 3334
26 7748 8090 957 4996 1275 3992 8418 956 5293 4292 8878 3241 3034 2283 9119 4555 325 8054 9234 2486 9433 2991 8533 9517 2706 6435
29 743 4935 8983 61 7699 1515 7087 7110 1081 2547 7082 2325 1698 1091 178 7233 8362 1221 2341 2231 1640 4719 5164 129 622 2336 9170 6783 5844
27 1821 1574 7186 416 2769 4152 9027 606 6389 9737 5397 8260 9780 5290 6735 6873 8124 4815 5385 631 4554 3617 9468 8308 7164 2516 5877
30 927 5062 90 3772 3501 7982 9804 9817 1907 7149 8541 5012 9368 8350 8963 4862 3963 6396 3088 4023 9846 5697 1343 7736 6455 2987 9124 4291 321 1001
27 794 2198 3519 5387 6445 1604 9599 252 4272 8253 2685 8345 5839 6433 8529 1346 842 2420 7373 1755 3413 4209 932 814 5633 8305 6157
23 6470 6891 3628 4765 8052 780 9391 7065 7268 4533 4092 9081 639 4080 5531 2229 6054 7825 7444 7055 5560 8110 624
28 8251 4967 27 5771 1670 3781 9454 8266 541 5425 2028 7525 5890 1701 1553 6228 1068 183 7622 2663 1619 1984 3032 7512 3135 1281 9579 1540
28 6361 6638 4166 6754 9899 5318 6676 5769 1671 9173 2948 3839 8639 4417 4276 7515 3599 7206 2029 9083 7749 5576 3655 4105 4995 7002 1323 7424
32 7592 9392 7132 8128 2785 9304 2401 1412 9439 3675 8617 6287 3846 4295 1147 9736 5268 9734 8519 6050 1213 5103 1649 7170 5762 4409 8811 8527 4337 3120 6189 1665
24 5739 2586 1312 6493 9772 6985 7464 6437 261 7131 258 9278 5820 5373 9999 355 1970 776 4563 2545 8112 6533 4026 951
27 8517 625 188 2767 2137 6341 939 6553 8238 1516 1548 5818 564 3923 7258 4213 3639 4010 6734 154 6259 5339 1497 8045 3157 7837 3918
23 4953 7324 7569 6234 1053 4887 6658 5434 9921 5289 3303 7058 8597 8051 7737 2174 8524 1381 9061 1718 9934 3652 7066
28 4185 9191 9049 1938 7402 6509 2701 4903 5079 3724 5133 7503 4565 1459 7346 7167 7200 1376 8396 9867 9897 7565 8102 7490 3614 4412 8771 9431
31 2194 7318 2182 7979 6155 3844 879 6049 2782 1222 1007 7484 452 4515 2316 673 7035 7013 2631 8210 8702 7127 7634 9313 8126 6560 4705 8522 439 4354 7655
25 3651 9328 8934 7020 6211 6167 8486 7243 6997 7459 603 9923 9588 3641 3596 6695 5061 8354 4620 2483 9291 1682 8994 127 6633
25 3430 1386 5952 736 2051 9719 4278 134 848 525 569 1262 5122 8223 4240 1195 3222 6127 4606 7904 6694 8302 4961 3457 7997
29 3192 8099 3832 6720 5942 8547 8530 4629 4867 3272 3340 594 2050 9809 5847 4294 1892 5104 4125 5464 7732 4854 2628 160 3586 2812 8845 3057 7978
23 5274 5046 5245 350 6910 2212 5126 5912 204 6263 686 3415 3269 9796 3576 1073 4806 1534 5873 7228 4320 205 7593
26 8377 724 1271 8027 7151 2439 6817 8466 1825 5768 2019 1662 2077 3370 2653 650 1101 1234 9275 298 5158 1815 1943 451 946 8753
26 141 3922 6668 8366 7694 3268 6995 4309 7629 7950 8611 3926 3941 4312 6851 4059 9776 9922 4491 2641 542 8188 3219 2618 9705 2902
30 243 3155 3505 6003 1398 6844 6099 7045 7257 1460 1319 4081 6418 6545 4740 4191 3261 8795 3999 1090 7193 4729 6579 9508 9523 8712 2911 3719 936 6480
27 1127 4523 1572 2847 9940 1210 3267 883 3989 2052 2935 3314 5118 4423 6670 7898 812 8537 1006 1284 2002 506 9819 1728 1396 3308 3472
24 5053 4077 1348 1037 8120 2664 4788 4562 400 9363 3507 9311 6208 5299 9066 2488 508 8161 4216 3613 7967 8770 2041 4923
22 4465 295 7708 6231 3405 236 7598 2919 1011 5420 3795 5720 1439 649 9465 3089 7686 2875 6661 3493 253 7553
29 1485 3636 2636 3119 6093 9251 9382 9322 9147 8924 4487 2457 5592 1747 9845 8807 7924 5741 4389 5267 9028 9649 2199 3838 5538 7332 6901 6074 2099
29 4724 9106 3756 4794 8400 5151 738 3033 185 7693 5055 7407 2426 9249 1870 2845 7385 5037 3602 2662 2688 269 5932 2434 7544 3041 7900 1327 8194
27 8460 4760 9727 8073 1745 5724 397 6686 1897 2689 8668 7776 5661 3360 5073 4637 9264 6466 6967 6558 2605 8738 349 5819 6660 5849 8240
27 9848 9058 5262 1067 2815 5868 473 290 3379 4290 2124 9370 8066 7114 5732 4328 5484 5212 7963 4102 2421 7360 9074 5391 6052 5054 3159
26 1306 8346 2069 291 6912 5228 739 5382 2651 9051 6010 877 6772 6282 2658 3571 7428 3142 4285 1514 6774 3237 2094 2357 5698 6038
29 3465 3562 5241 5511 7323 3391 2775 43 2001 9442 1207 5509 2986 7830 8020 9448 4167 1456 1789 6526 7051 5321 136 9449 5981 5946 8117 1615 2814
23 8349 3815 8386 5127 2253 7992 9489 4358 7812 59 1215 6508 5346 2432 5242 1955 6043 5684 4075 5702 4297 7729 4254
26 4874 8644 1925 687 3295 4910 6348 6779 2096 8150 7672 8536 3879 8475 3458 2216 8107 4991 8312 9682 8739 5342 7477 1022 2456 1993
29 177 3145 8372 9538 6461 2604 2384 5940 2339 8711 4472 6084 3670 9466 799 4471 3287 3805 6939 1291 3466 6894 2773 9108 892 31 2999 6332 8412
25 8235 3123 3533 5886 144 8464 8277 6221 3532 6185 8573 5162 8007 8732 3939 6850 4648 7103 6285 890 8474 3498 8363 7100 7854
23 7316 4107 5941 7421 7449 779 1264 7621 5125 6230 991 2076 5974 2811 8762 7888 4780 260 3294 8393 7647 1288 1916
32 8645 3016 8097 4474 7929 9884 4408 9540 6944 5071 6893 5395 6368 189 838 5067 4146 2364 6725 9016 3965 9574 9013 5184 7342 717 1115 3962 9971 8268 5681 5707
30 9059 3860 4773 1835 1448 4082 3443 8873 7671 8988 4684 7983 7560 5451 1406 3461 2187 7803 6512 9487 4911 8856 5165 1982 6241 8510 4459 4820 7926 1653
28 8000 8561 9031 9037 8841 5148 4005 1794 2868 219 2062 4430 5848 382 9668 8276 1950 3615 549 5891 6458 3526 8010 6702 1546 692 8218 7178
26 3429 9435 8447 854 6983 8108 1593 5596 51 2867 1182 5834 8426 917 6170 4847 5655 6789 5871 6089 8647 4907 9713 6360 9573 5779
31 4589 4467 1769 7609 3258 5134 8820 4304 8201 9994 3487 9842 1292 5894 5840 2817 8148 6075 8999 4946 7563 829 2733 5264 2588 8955 9863 7166 7261 1184 4419
28 4083 4466 9692 8026 3735 9980 4104 3103 8483 1218 3286 7766 7370 1929 4829 2549 1173 8226 2910 9641 7506 1077 29 876 8084 3936 7726 2925
29 9186 4891 9594 5613 9227 5751 3291 7974 7691 5168 2892 7135 8859 2606 9118 6362 6726 5419 9726 1394 4198 366 9496 5180 9886 5882 3840 764 5470
29 8793 1599 8468 450 2305 2578 4391 7668 8494 9451 619 3336 8296 7056 918 6706 2278 2425 2307 7093 5602 8656 7085 897 372 3111 6717 3173 5284
29 4385 1965 4980 4170 8778 4386 73 7538 4004 9499 7580 7784 3608 2116 3390 2893 6841 3418 7889 1973 1702 3012 8280 1129 4222 1474 1486 2268 3008
24 2470 4801 8654 7611 9286 5896 184 6795 8689 2891 2833 1761 6426 3470 3891 9749 6803 2222 2655 9004 3015 8660 1105 9018
28 6436 577 3235 2365 4650 2506 2279 9585 689 7875 9728 5803 6291 2671 2872 5076 6353 4103 6792 7479 104 7293 3980 6541 6053 6169 3931 6639
27 3905 6130 9445 3991 8717 7249 1677 5170 1431 4774 4212 1650 7242 4368 693 2193 7750 6124 7133 6140 7211 4283 5155 9620 4877 516 8443
24 9324 3883 1831 9787 2252 3036 408 679 3777 1792 4032 9434 5477 5880 7141 3788 727 9472 2566 6273 9557 4479 769 2481
24 5176 1408 7946 6664 9408 9096 2677 2258 8532 615 7000 4930 5330 3853 5248 1578 6394 7940 1388 9193 2393 5196 6397 4775
28 6547 7678 7179 4259 2459 9907 5022 9943 5407 3794 1069 5417 7973 6398 9616 9564 8310 3473 7961 2827 7226 6834 8748 7139 4593 4271 7478 7805
27 7317 2150 7995 8969 7230 1562 4942 7379 4726 7037 7009 7612 1392 6323 2419 8155 9928 3916 9357 712 3996 8747 5615 5936 8891 7174 869
27 74 7584 2091 8568 8565 8733 7482 6731 4703 9949 8603 8889 2355 2235 2551 9326 2484 7262 7098 7797 5143 6517 7972 1947 5285 1211 6173
31 5760 7138 7427 4246 554 8797 9612 5829 4677 5796 9338 7190 9012 2548 1960 5219 5072 5648 5692 6863 6020 8580 7627 3087 1827 898 1112 1287 8682 825 7996
28 8518 9014 6597 8166 460 5448 7176 2391 4885 6606 5036 4882 5905 2973 3175 998 8242 101 2806 3371 3976 4863 7420 1072 3002 2177 6325 1010
26 6312 3831 4830 4543 8851 5115 4917 2013 7719 5742 8122 642 1003 2413 5577 3043 1652 9644 6118 6642 6254 2282 3687 2718 7968 7123
24 9240 9446 3383 3866 4227 8257 5925 4356 3850 9793 798 6386 9185 6338 645 4118 7783 6605 6662 4463 4999 4287 1820 4897
30 4117 1179 2993 4447 2954 7120 1124 4697 4730 9394 8262 9818 521 1144 3010 8140 1832 1848 2173 2625 6555 1617 146 3165 7619 2376 4061 20 5948 8514
24 6793 4182 4433 5349 6284 3346 8111 4079 4647 7785 916 2082 4776 4843 354 4786 2023 5722 1481 732 8306 8244 2306 6149
27 9619 4071 4796 2874 2396 357 6255 62 1344 576 5793 8008 9116 4218 1353 8610 5790 505 3880 6604 5807 1153 7486 2533 7192 9438 4708
24 1802 8709 9336 3903 1178 5744 173 1310 3565 5064 609 7682 758 3820 6965 483 1157 9722 7895 948 6921 9474 3381 9882
25 5253 9740 8227 7698 9811 1575 6616 1098 9375 4728 5281 5600 3393 8490 5662 9596 7210 7064 3690 4245 2089 942 787 7214 7194
30 926 13 1130 7015 874 1049 3455 3851 3040 5278 9274 83 5000 6780 5306 5606 274 5731 4054 1584 3973 1510 9843 1782 1443 5016 2703 5543 5432 4685
26 8154 8085 8740 1051 3707 2359 2637 1679 1872 5096 2826 3543 8142 5752 6119 5287 1033 4842 4301 8064 6903 9813 749 937 4586 6730
23 3882 8172 3782 7752 1608 1133 5323 2961 465 3277 3721 6187 1636 5479 4035 9429 2861 9333 1297 1995 2261 9900 24
27 1882 654 8364 1816 6363 4715 931 5307 1689 1555 392 6191 5701 5854 6156 1114 4051 2047 5841 9946 1008 4755 5358 5765 7440 8749 5618
28 5439 445 280 5467 7475 7253 6516 1913 3783 6395 468 9889 5578 8734 2520 6063 5135 254 3552 5131 6505 8397 3933 9063 113 2667 5593 7817
27 3780 4759 3312 9175 7543 9708 308 9531 6069 3506 933 1044 3136 6836 6743 8175 8158 7808 2270 5853 3296 2356 7073 8179 9025 7223 1738
28 8036 6056 8315 1896 7173 9042 1737 1016 7952 8798 2937 7847 9332 7596 3695 585 14 8196 7003 7582 2880 142 9691 9201 7281 1765 575 5960
29 1836 2584 7937 8383 6935 8261 837 6464 2644 2745 8904 5121 5309 9833 412 7588 3180 1828 9553 7285 8800 1026 3864 1669 6076 566 8416 5621 4364
29 1730 9488 5984 2777 8950 6677 15 930 266 4958 5597 9964 9303 2645 1726 1876 7626 1523 2898 9578 2317 6926 5709 5764 8695 6495 4592 7004 8715
28 8914 7576 7574 3656 6475 40 9592 2747 2642 1784 9308 4520 4019 5249 2977 6006 7069 6953 8259 1823 3000 6081 3022 4979 1538 7106 3522 4256
31 8389 3187 7613 9470 3932 432 4144 6280 3486 5074 5142 2799 9110 3817 1303 6721 539 9024 2949 5884 2684 2602 2449 4041 6342 8160 88 6577 3168 5374 2213
29 6562 820 7006 5031 1267 3275 851 2132 391 1723 8801 1097 7104 9207 1461 4424 193 5399 3550 1696 6370 2612 6086 2962 4973 9080 5712 6235 5227
25 420 4662 4238 9755 3367 7607 8874 1360 822 2842 7696 713 3657 5643 6962 1845 672 401 5089 2619 8088 6260 9112 8165 7938
24 2680 1826 5535 4754 9131 1756 5416 6519 3167 7305 7282 2121 4160 3152 4538 8313 9901 5866 4324 661 7711 1509 3092 6680
25 1253 9440 4757 7742 629 791 943 2909 8191 9655 428 475 4845 2740 6905 3754 4016 6349 9132 4569 3084 262 5215 3279 8114
29 2161 7297 6294 7191 5574 7488 3114 7483 4229 3144 3484 2122 3356 8938 1829 3271 4139 3574 2379 5186 9693 2958 2196 2503 3706 1266 9828 4461 9918
26 5887 3902 4397 528 5247 1558 2236 8365 3500 2230 5440 3563 5259 5427 1358 5270 5982 6807 9587 7070 2816 5172 10 7517 240 7631
28 5748 3236 9243 7183 9378 7575 5224 7299 9898 413 2178 115 4925 9177 2225 1496 2110 8082 6232 6247 1569 5995 5120 1580 1333 8893 6776 8470
29 8848 94 7380 5696 4976 2673 9533 5090 6268 5647 1889 3434 1244 4011 95 7212 7248 6689 7283 5630 9137 3924 9603 3713 2203 6305 6737 4111 9343
26 383 3075 1196 2557 667 82 1659 2058 2774 5119 4497 9677 1126 1856 5540 4549 3359 4860 9009 6805 351 4450 641 7246 371 4635
34 9415 2995 5500 7787 5908 1148 8273 1276 8320 8328 5700 7419 4857 8808 9247 1934 1544 1936 5947 7556 4737 8847 8429 8703 8048 1703 4484 6583 7868 105 8195 2620 518 7907
27 8812 5955 314 5966 1926 9790 1787 9149 6860 9910 8815 1467 231 7044 96 299 1231 5977 7826 7971 8467 5019 6335 4927 5809 4237 6240
31 2289 2758 8121 330 4717 8053 5086 6262 7327 7866 1032 1000 8813 6082 339 1914 6448 6698 3869 7189 9779 8525 1324 6467 459 4721 5985 6153 3697 8619 6511
25 1354 9718 1779 7232 7773 4948 1340 4559 1724 6213 3646 9666 7124 8200 7514 7040 1426 3357 118 7339 6040 3930 7090 5678 1106
22 1777 8607 3181 4091 6756 2085 8957 320 8680 1694 7068 1919 9389 6438 1240 2022 9493 3577 1479 9542 9765 6094
25 22 8724 3720 5973 9797 1429 167 1304 3362 9862 2998 3812 2981 6453 9427 5003 9706 6270 6031 6101 5445 6797 3354 287 6969
27 5911 3875 1492 1066 676 5797 6128 4110 168 6586 1915 331 2004 8601 1416 1391 6884 8186 2344 742 4203 9479 963 4039 2862 2385 4058
27 5105 6229 3247 9441 5917 8438 9627 1674 2601 4483 1643 9750 710 9008 99 1673 5899 1246 1252 8570 7198 8430 9623 6631 7521 7843 6587
27 9457 9858 4122 961 1250 1994 5759 1370 7661 9281 7802 2539 781 1879 1137 2256 4570 755 6964 4781 8071 5217 4038 218 5466 396 9615
27 4145 5371 1415 8850 3746 2168 2221 5506 1083 8628 1867 4547 4583 245 4113 5001 1336 2726 3761 3497 1699 5140 4993 8567 9679 9580 1235
24 7660 9360 7439 4957 4718 8564 5850 3887 1082 8131 6033 2397 5428 2171 2220 5214 8497 6678 761 4225 3358 714 6415 8941
25 9044 5465 2202 8431 4480 1123 5052 5301 1837 6648 1948 729 1535 5187 1013 1338 6839 5676 5437 7754 6745 8516 9422 3957 8307
29 4880 152 4066 5472 9966 60 8910 1804 3326 4289 9690 3603 6813 5689 7043 3942 4317 9283 6078 6940 5150 9473 3397 2190 7799 5629 1227 1369 6974
30 3100 8698 275 1768 1410 3762 571 5210 4323 7768 5523 8055 753 7213 4612 1774 9609 8373 211 268 1850 7945 1529 6769 1378 4688 4981 3467 3913 5033
24 5084 7794 256 1675 3164 6566 1767 9835 9704 4180 4813 2882 297 398 8199 4439 8600 8719 3627 6139 4360 5813 4793 2879
26 793 8044 6785 6151 9606 4050 8697 5883 4307 7046 868 8976 5108 1401 7171 388 3884 3945 853 5743 8382 1912 2778 2505 7951 561
29 9990 9890 7096 6879 3694 1024 2633 294 6618 4975 4566 7304 5964 6018 6941 6892 9729 8139 5123 2272 9532 458 5025 2978 4008 4702 8272 4422 4707
25 7111 4960 8896 477 6421 6580 9864 6675 6364 8153 6585 8231 5993 1963 367 6376 7365 7292 9530 2676 3270 6066 149 616 6513
25 3037 3448 688 8434 5997 9974 8933 670 2243 6460 387 1621 1063 9794 4509 3432 6938 875 9319 8173 7465 8576 8542 453 6442
29 5862 3709 2765 3856 3027 2304 3 8584 2920 4388 1680 3191 2188 4667 9414 57 733 64 905 4499 5421 7920 3823 7197 9977 5337 8197 4695 4516
30 5312 3039 7662 8730 2000 5129 9636 8765 6826 4174 6705 4914 6728 6829 6716 2837 4676 4623 985 3329 5799 8403 4876 1384 7034 9176 2065 9001 1801 9838
26 5878 7277 3492 8286 2940 7986 6322 2167 5424 9854 4500 1104 84 7838 1056 1249 7172 1654 6336 7550 4007 8676 6840 2025 651 4274
27 9084 2191 6897 4390 1746 9951 3126 2966 8046 941 7390 4504 9739 6484 7363 5594 762 801 9316 3428 6297 7250 316 7618 2776 7966 4956
26 2142 6781 9213 8971 3302 8936 7144 704 3625 3212 7209 636 3585 5202 4839 3927 4596 3539 1180 423 4267 2732 485 5261 4437 4962
27 530 4115 5041 6168 3396 2930 555 6162 4785 8943 6145 6388 8787 7564 6802 536 370 5288 945 469 8388 1583 6713 9099 5471 9731 9697
28 9491 3968 5595 5669 968 6113 7667 91 5763 7036 5584 7958 709 680 7310 3740 7273 6058 3252 1561 4308 5452 3995 856 7807 2105 6266 4339
27 4190 3873 3496 68 2614 3411 6125 5167 2707 1317 4818 2262 7388 989 938 4232 5688 6083 9269 7530 9101 2063 7604 3601 7852 9349 6732
28 8322 1587 352 6265 5545 6620 8074 9115 9773 132 3770 2009 3925 1206 9618 1847 947 2108 8837 2026 5431 3029 1570 8433 3527 7970 8228 5257
30 2064 3660 4574 9591 4769 3306 7116 7158 8970 5401 4736 7450 7753 4906 3798 3705 7199 4756 5806 4706 1748 8612 1362 296 6981 4905 2866 2716 7474 2901
27 8005 5876 9282 3775 2715 8829 5436 4350 1477 1647 7076 9216 6993 9411 9877 263 226 7079 2045 1400 9105 6108 1311 6324 5569 8731 7903
26 4348 3877 1040 4214 2535 5360 3802 2802 2153 924 1507 4488 4207 3319 8156 3017 9298 770 1183 7052 5582 9778 9398 5372 7322 8392
23 2983 4661 9764 2442 2003 6753 4858 9235 110 8562 3685 8015 210 9424 6223 8480 100 488 9550 3224 5294 6867 2291
26 4341 1577 1247 3560 1390 7870 987 3791 76 2859 3974 2560 9681 9276 1581 6958 3666 7504 786 2476 4403 1841 517 940 8784 6656
25 1064 7148 9850 5881 9735 215 9856 1998 356 4124 5327 6115 1321 4157 6539 4645 8921 2665 7535 2438 6281 7595 1316 6303 8583
30 7163 3216 476 3260 8949 653 2569 5157 9289 4900 1545 718 2808 223 6174 2204 2237 7378 8960 904 8321 2941 6199 2932 2471 7659 4108 4411 9563 8574
26 3544 7782 9157 3051 9019 3582 1644 6966 4313 7513 7374 4401 5347 8661 6471 2151 2798 478 7027 97 9639 7933 5599 3943 9613 9071
25 4025 8980 4632 7481 4573 3949 6522 7455 5781 584 2314 2944 9935 2708 2245 2164 8138 1844 6107 9305 9536 5521 1543 3311 5970
27 4044 993 1359 2005 7351 2555 9629 5671 7412 7755 9126 1688 2255 5411 5581 8759 5590 7585 4572 3789 9114 7452 8427 8243 8708 3583 9161
27 6559 7205 7235 6463 7798 4455 4175 2298 5935 4163 9127 3453 4986 1294 8329 3677 4129 9469 2975 7956 7954 9602 9948 7717 7858 1263 2829
30 841 746 7337 9957 1712 9646 16 375 9915 9803 6309 8477 6225 1585 1483 8254 6998 9209 2945 3408 3852 3372 4778 1478 9306 8836 2938 3653 6755 3857
29 2917 3590 2803 9075 6402 3150 919 343 6535 1676 2928 3124 5761 5152 9547 2206 955 2321 8198 4686 7571 6194 3626 6602 2340 8555 5344 7435 4585
29 5406 3440 3240 2090 4951 1021 7969 9967 3836 147 5757 925 6233 2590 8844 5080 7884 5075 4230 4027 444 759 9226 8557 9167 4369 2523 2031 5562
27 4758 586 4634 6610 3201 1554 7957 6007 7117 431 4997 7091 2946 8989 8390 4943 9098 4893 2118 19 3365 2240 8287 1061 7542 2067 9860
29 1725 6021 4766 1285 2472 8613 3050 4627 8791 2624 5045 7267 3121 3368 7130 4120 9598 5174 1623 6827 9171 1814 9631 983 4666 9710 6012 2400 5365
28 9853 2146 3929 9820 9202 2042 4219 9428 590 7869 8944 8215 5811 6809 2534 6624 3605 3814 7823 9017 9701 4208 5449 312 2214 426 3664 2895
31 4545 7851 9887 5528 5529 1417 1220 1217 2840 1245 5510 1849 1493 2184 6137 9 6175 2888 4244 4085 1591 7959 8361 3726 7498 197 3946 677 2441 6626 1315
24 8441 6430 8246 1751 9891 8766 6105 760 2989 6138 4720 9043 3753 2979 8087 4865 6087 9965 5735 3521 4959 7730 172 2881
27 9781 1466 1512 5756 446 6030 9816 2018 5218 111 972 7423 5282 3251 2114 6072 4438 6476 9676 9801 1476 2621 4242 808 8203 41 5928
24 4017 816 7358 896 1380 675 194 4062 9526 2647 4179 4578 1552 8867 2407 7879 847 944 5814 9514 4746 6358 2904 9786
29 3341 78 405 4169 6936 2048 1631 9356 437 4432 2595 3797 2913 7237 9844 8341 3512 884 8491 9730 5194 5620 8163 7224 9950 4407 574 4345 3444
28 4575 8267 1805 1499 593 3186 9961 7916 9317 9593 5169 5694 2465 2500 7725 7307 1571 6963 5672 1201 3052 1605 9605 7602 6327 9927 5507 9607
28 2525 7229 534 6046 5181 6868 8726 2242 9314 7097 9917 8857 5137 6298 568 611 3650 9674 912 1803 8664 9859 8940 6022 5527 4827 1503 3634
