2 180 31
3 296 209 132
3 0 237 120
3 216 20 229
2 54 289
2 85 124
3 116 55 151
3 249 238 173
3 87 76 59
2 212 199
3 167 50 231
3 164 207 126
3 75 190 69
3 103 6 1
2 80 35
3 108 239 122
3 72 68 262
2 88 265
3 294 61 166
3 148 160 142
3 41 138 206
2 162 196
2 259 145
2 159 16
3 184 195 152
3 110 298 189
3 275 70 286
2 203 287
3 168 121 194
3 133 86 181
4 210 202 266 17
3 62 258 47
3 161 185 211
4 127 253 83 240
3 13 243 123
3 260 10 66
3 276 250 293
4 136 146 263 178
3 220 269 176
3 92 73 135
2 95 170
3 58 217 182
3 137 5 256
4 290 254 81 274
3 227 64 25
4 4 26 115 52
3 8 147 288
3 15 90 153
3 218 268 43
4 273 158 51 49
2 150 223
2 285 30
4 7 241 118 215
3 107 27 278
3 74 201 299
2 144 101
3 225 235 208
4 105 14 279 183
4 18 93 100 149
2 171 271
3 134 157 143
3 246 89 272
3 187 23 155
2 63 106
3 125 283 297
3 156 112 53
4 261 22 71 270
3 60 82 280
3 200 114 46
2 57 219
3 19 42 77
3 198 3 233
2 213 222
3 38 197 192
4 44 40 291 154
4 129 172 48 94
2 79 119
2 245 252
2 226 141
4 21 117 264 165
5 113 204 255 251 130
4 224 267 131 84
3 91 295 292
3 232 248 37
4 193 28 98 247
2 96 104
2 188 205
3 39 109 12
3 34 11 24
3 277 236 242
3 281 244 2
3 32 139 97
4 230 56 140 175
3 174 191 228
2 282 186
3 29 163 67
3 214 177 169
3 128 111 9
2 284 45
3 102 78 257
