18 549 6239 7323 1977 7548 3784 9177 2884 967 8987 9592 7823 7363 8153 9914 5471 5065 9326
8 9313 7230 2626 3381 7778 7065 5072 5071
19 4679 313 1643 9624 2229 7587 4009 8291 8532 6431 7815 3504 427 9010 8838 6573 2203 1020 971
19 2735 7687 9685 5006 7000 2181 7479 3482 3685 2885 4159 6800 2104 2935 4138 5653 638 4445 955
3 7109 3936 1546
17 5934 2538 6951 9625 3615 8298 6570 553 9264 7122 8753 6368 5839 2998 4127 4392 3969
26 7957 2788 4686 3842 5433 7425 2275 2680 1176 2670 9593 2633 6231 6240 6314 5330 367 2148 3486 2723 421 4134 5460 7731 8106 5586
28 1209 3596 5654 435 8614 6296 2394 2045 5031 4907 6134 9006 9110 5786 5216 2084 4165 8651 9211 1811 7607 1083 5750 9567 8278 7946 9771 4243
28 3090 8458 3830 856 3057 4713 4664 7274 3228 9268 890 9219 1756 5004 9278 42 8845 6588 5331 324 2475 5363 3084 7358 9290 675 710 3224
16 4309 3579 1778 5994 1791 202 1967 4651 7101 8601 9049 8891 1699 9350 7350 4846
33 5018 3294 4112 6922 2235 611 671 2919 3326 1062 8062 6757 3394 9226 3450 1871 8126 1499 7521 803 1298 1906 7016 7589 1156 1935 3268 792 7069 8612 3880 49 4783
10 719 1381 4361 5178 8251 2677 4987 9875 2914 7509
6 5970 817 7355 867 7392 1339
11 6466 6139 3773 1233 1111 3169 5576 2053 5821 5476 8301
29 1776 6155 802 1272 3583 9610 9678 2984 8506 2842 3085 4722 4777 5872 7286 9337 1901 8936 5518 9293 6535 2752 9465 2843 7606 3945 5857 2450 8865
23 6031 6575 3373 2867 1248 8691 2241 3308 3550 9716 7195 3178 9924 8689 4956 7437 9606 9154 1327 5148 1658 9677 4795
14 187 4387 8309 4228 9130 1232 9263 5008 4559 7972 4844 9970 8558 939
25 6663 190 9799 8198 9705 7277 7759 4607 7344 6098 4924 6571 3292 1882 8842 6282 3900 995 2182 75 5159 6465 8572 3631 729
26 2465 658 9316 1200 9104 5351 1465 5799 2613 1509 8245 5394 1819 3595 8107 7706 470 1089 2487 3492 5011 9711 1652 8907 1006 8375
20 2519 7435 9274 150 9485 1491 9712 1146 9754 205 5357 4306 9580 8238 2865 8156 811 9703 9172 3107
18 4839 3249 8629 4980 4830 1634 552 9684 9234 5193 458 1589 5709 5630 3592 1037 9245 7621
23 5324 1609 6304 5541 417 2077 4615 8597 6805 843 7498 6868 6622 6600 4148 1379 3728 4310 5977 5876 2905 8154 9766
13 1560 2520 2399 306 7671 351 1390 3214 1095 5047 1837 5174 2163
14 4758 4414 4624 4064 7442 4409 422 1256 3770 294 3843 4532 7383 8330
27 4525 6189 9011 6141 6705 4555 5695 876 4800 8638 8099 586 67 991 9548 3519 548 745 1028 5048 2689 5661 1641 1801 6586 954 5399
9 3580 3176 7102 9735 6969 9381 6544 5334 2185
18 6252 6399 9089 7614 8063 9376 3828 4715 2567 2820 4577 1893 9099 188 9210 7789 3313 8321
14 1273 1874 2751 7599 6949 5019 4183 4182 8095 9484 3111 1226 8371 1403
26 423 4873 4223 2147 8093 9116 8112 3468 189 1299 9687 2737 1842 2978 2093 7753 2186 418 5961 4116 7722 108 7899 2597 263 1207
13 1867 7210 6125 476 362 2726 6788 4189 1576 2847 7375 9782 1547
17 8175 696 3424 1208 9232 1096 3135 3027 7875 4191 5505 3820 3252 7436 1230 5046 7472
18 6822 7471 9282 4153 6818 2731 2776 7816 4819 9639 6848 3216 153 1140 8726 3858 195 3110
11 7965 9090 4109 1206 5724 9817 3496 6963 5411 2715 1000
21 7070 5237 7638 9353 6739 761 5287 775 175 8058 6067 3751 613 2913 220 1615 3890 9451 2516 7467 4023
21 1178 415 7078 816 2438 2596 742 5733 4322 6432 9413 3303 4488 1362 6355 2165 8463 8607 3279 70 4729
9 3055 9087 3512 9289 896 2291 1475 5070 1855
21 2432 5615 6208 5054 3732 5366 3669 7903 1831 2370 9029 8749 1217 875 5401 5103 1821 1586 8226 4042 7825
30 88 9820 6786 3541 439 8868 4585 7840 85 4371 9132 2330 9074 777 2042 688 6855 3320 5327 3831 4254 2728 4680 2730 5144 845 4760 5659 5798 8012
7 8773 5382 7288 5976 3824 722 5697
27 8292 9246 9144 5212 2382 3370 66 5082 3122 649 2156 2040 4470 8598 3266 6977 2413 8016 3523 8568 9772 9668 5753 2683 7597 2983 2862
7 672 1784 7575 137 9055 558 2951
16 5335 3527 3490 5892 7686 5344 178 2035 4884 544 9789 3845 1800 9919 543 2430
17 8477 7129 1251 4863 3453 3493 7448 7387 9516 2565 5700 3031 9479 8431 4852 8127 7433
11 5235 1113 9252 7924 9321 1907 7615 4219 7130 6960 5127
16 6277 7198 7631 5888 381 5263 4123 6374 5861 508 1790 9644 4073 6036 2308 3491
17 2720 7993 5369 6547 376 3124 709 1725 2515 2612 3007 5527 670 5154 3709 6348 8232
22 9409 9402 1223 6645 7208 646 3102 6172 3981 1016 6548 4426 1604 2269 6072 555 7980 438 1961 1633 1300 5592
16 606 3245 1689 2497 9743 8795 3778 7315 3735 9859 9298 4263 3689 262 5573 644
17 6002 3918 4255 2934 3537 7665 6407 8990 9027 584 4068 6463 4367 5404 5894 4424 1558
22 3629 6493 328 4184 3411 4558 4376 1797 4862 9846 4398 7103 6248 5534 2402 8767 2478 6583 8641 8280 5555 3275
27 3817 2589 1489 2605 7787 6966 7732 990 4441 4944 2315 7926 936 4569 3832 1945 1119 687 54 9257 1847 7751 8405 3284 8535 5456 2210
12 9679 8489 8967 3774 7623 9999 4735 3612 321 2544 5944 6400
29 1097 8262 6004 4826 9871 982 1733 5088 3839 6882 8316 3231 2901 8814 8974 9779 1034 6755 8886 4468 4542 8685 7478 7228 4178 7001 906 2253 8480
16 5497 1170 5359 47 1503 4245 6270 2817 7746 7445 1480 8239 1844 8825 5063 9069
16 9752 1630 9503 950 5779 9737 4617 7271 4594 536 6591 229 9827 2312 3128 8350
24 6670 902 4673 6293 6703 1110 2054 833 8901 8534 9542 5168 1666 5754 6516 3020 2133 5596 5410 3665 4726 1829 5398 6693
11 1757 6558 368 9044 9519 2806 2349 8797 1805 5571 3931
26 5440 5491 6200 2167 842 1686 7411 5045 7984 9844 4074 5670 2341 9894 9092 3300 9883 1400 1878 5024 6096 416 8808 2227 9131 5854
10 9514 7889 7677 128 8133 3565 5678 9832 2591 5891
11 2571 8302 5377 9042 7684 174 4580 6994 5575 8098 632
16 563 6762 1875 2498 6578 4810 7930 1712 2258 411 6895 1987 8714 1890 2172 1705
27 6381 8792 4782 4024 292 7777 7118 1985 1521 979 2397 9208 9240 8334 4335 6823 6324 4389 2510 2549 4808 6627 1128 2819 5964 1740 2322
18 9003 3990 4084 3840 5069 4639 91 4006 5597 1732 5762 2096 31 4220 7676 8519 6185 2521
8 3549 8209 5189 168 9795 4137 5091 7376
17 4601 1512 364 8815 9739 453 4831 7408 3187 3431 5030 5688 8818 7739 5055 9829 6467
29 7657 1852 5507 4207 7434 6601 1762 4966 2675 8984 9077 1069 3044 9694 1461 9270 684 1286 727 9501 764 6230 7044 2592 9061 4918 6978 4641 5230
20 2015 1685 2966 6218 3432 4473 889 1342 5589 2454 4751 2970 6653 4149 8508 1701 5817 7834 3080 8744
26 8708 5808 9666 7379 8768 2076 8243 106 8214 2048 9299 8460 90 183 3682 4333 9582 6427 4934 6950 3184 7996 4741 4799 1510 1881
24 7475 5218 3430 8419 1684 9180 5169 7066 5356 7817 9823 8550 2063 5734 1525 3387 2763 2666 9119 9048 8606 7533 3289 2307
20 8758 35 9655 7812 5021 819 3847 9163 863 8264 4632 114 4500 1216 3265 5637 8770 5504 8939 8171
30 9847 2436 3786 9286 2261 5135 7019 3524 1700 3258 4353 1532 1639 1612 5092 6692 8976 3234 8704 9807 860 1788 7705 5022 6177 4568 5931 1127 5714 2363
18 2883 627 4848 9769 2639 5656 6584 6009 7558 1872 7075 7947 9336 1408 5423 3749 8414 840
11 9913 2212 3809 2721 8276 6594 1086 9004 5819 1575 5629
20 5445 2079 8370 4285 7380 169 8116 7309 2809 4853 4072 6085 1772 6325 8199 2894 8345 1397 6760 3367
10 9976 9852 3362 8493 6915 4856 8253 5084 4592 8910
19 4078 3572 284 7444 7630 8863 2876 1769 7388 2849 9973 3703 4079 6955 7185 5265 9525 5731 5672
26 8310 1323 481 935 5107 9546 3513 4327 7503 2184 3271 2933 9444 1253 7071 9085 2572 2579 8528 1426 6717 4157 2540 6433 2845 8022
31 6916 5227 8715 2881 4938 2323 3117 1846 2969 6393 4111 5094 9103 5785 4423 5963 6337 7797 125 919 6388 3189 3350 1824 1080 7244 7625 1619 8210 8717 6390
24 4008 9649 8440 9109 4854 5866 4798 9284 2906 9701 8843 1946 3137 4368 4770 1789 3864 7291 7591 3063 6576 8490 1185 406
9 4094 666 8035 8644 509 365 4628 2151 6527
20 6263 6849 5425 267 1667 7692 6280 9889 3439 659 1785 4492 8762 7530 1849 8701 1865 9993 131 9430
24 1305 1406 3354 3196 4629 9033 7988 4828 4866 130 6451 4358 1383 3447 8565 748 2428 5257 7038 2953 4510 4640 1514 8119
27 6815 7320 6669 5712 7685 6261 7477 9265 6188 6156 3157 1787 9998 3213 2994 6679 2995 339 4239 5066 6335 804 9493 3344 7017 6170 5273
28 3307 9996 4794 4225 4003 2551 7041 4958 2652 7048 2898 3874 5725 7763 2844 1964 1316 7960 6371 4600 1280 5949 2940 5058 1962 1261 8887 4545
12 303 1973 7284 1706 4380 3322 1375 7136 3863 5376 9956 1972
17 4071 1192 7194 7735 815 6720 1535 7979 5677 5469 1825 3448 6481 9499 9120 8677 1577
3 2316 8227 7678
28 1335 9452 7648 956 1252 6048 2304 2954 4244 1799 862 1464 5262 8616 9183 155 2003 9423 1385 312 3273 756 9552 5474 3975 662 9932 1653
27 2917 1090 482 8219 5511 8575 2937 3338 4045 7037 5105 8743 8721 9026 3438 9966 3023 2083 1380 3280 4054 2976 4332 7953 7261 9339 7281
20 8731 9544 5771 5182 6538 7785 8555 8595 7169 1943 4871 6178 6683 2319 4212 1690 2099 1129 7410 2408
20 8878 7662 8667 7339 5462 8007 4204 4388 7782 9788 673 6075 6055 6761 1473 3543 2019 2010 7783 8217
26 1138 3384 718 4705 9497 2126 6737 2220 2958 355 8807 2332 3999 1130 5862 9755 1816 8388 4757 6817 6631 6534 6569 13 4716 7223
11 9619 6924 2511 2904 3585 4411 1289 5985 737 8002 2090
14 7013 3536 6459 9899 6174 6611 4900 3179 9206 5676 2300 4432 7302 4277
29 2061 2512 8574 4815 6903 9738 881 5951 8800 8266 7822 30 6921 7004 6064 7351 7978 363 3158 1333 4763 3198 3464 6212 525 7395 7311 2441 9887
27 5086 5727 9768 9469 7236 98 2577 6182 1215 7282 5400 2395 6197 4496 698 2805 7497 9295 787 1649 7450 9197 1118 9764 747 6227 2671
20 4058 6457 3317 615 3885 3420 3663 2831 3451 2556 5619 1264 1389 9407 9205 7285 4025 2155 6176 4793
25 4742 9166 8104 1640 665 2442 2741 6247 1098 3798 3790 2057 2882 4985 434 2793 6382 1713 9147 2298 3455 5900 2628 6260 758
13 8890 9848 1853 3472 5772 8765 8964 9676 2277 3611 1887 2724 2625
27 7929 3459 7927 6255 7683 7579 9138 1738 8686 1391 7516 8148 9790 3645 515 8304 905 9895 1258 3730 2529 16 3787 8541 1456 5973 2627
13 5300 1651 1527 1399 9471 8561 8139 3041 1868 6241 2785 1898 9637
24 1315 8848 8040 6340 9375 1182 6237 249 3722 714 970 8958 2499 6506 5115 8600 6108 1036 5362 1060 4286 7348 234 2252
10 9707 9052 7779 2171 4301 1940 5811 1374 8718 3762
22 7429 6740 4048 1422 3782 4499 3672 774 7100 3813 5827 8201 5612 7695 2624 869 2553 3304 3656 7977 8008 2225
7 7861 9463 2718 25 2481 3705 8364
31 4059 3148 9691 3779 3554 4141 3789 8671 2930 9731 5702 4989 7573 5878 1428 2373 6891 7265 2485 6229 8839 7426 8456 5346 4996 3094 4479 5588 6721 5179 9476
16 5192 8021 4080 7934 8030 1494 5116 1458 9370 3173 5556 1042 3856 9740 2337 900
24 5299 4260 5636 2717 6647 8486 5567 6681 7164 3948 7507 1818 1058 9946 3506 3001 9726 9162 1526 6153 2656 3922 707 3259
18 6783 8425 5721 5816 9819 7916 5553 884 5053 3822 6768 7268 5095 4728 5508 4817 6288 4883
10 7401 2233 6377 8605 6384 6084 6073 58 7568 391
20 5860 3147 9341 9388 5451 1584 5306 8031 2237 1610 4240 1703 6621 6482 148 5884 3671 9417 7 8957
21 2920 1066 7553 1869 6634 4587 5036 7191 993 1937 542 987 7898 2636 5039 9460 37 5577 4626 2350 4949
19 3167 166 1002 6101 454 938 93 257 5763 8844 647 7658 1954 2069 8949 8622 5775 5718 2897
17 273 3540 9806 6749 8085 6825 8737 9424 7569 76 7809 6725 8279 4010 9940 6060 4865
17 3444 8711 8194 8014 7843 2359 3508 8954 1321 9124 8322 1991 3971 7524 7356 9317 3643
7 9888 2297 9392 5221 1679 320 5226
19 3696 2480 1716 6751 8017 399 1702 5350 4082 8885 8927 8752 5544 9615 535 2032 9811 9443 4041
21 9305 6658 3461 4502 3739 2997 6744 350 8061 8221 2012 5823 1126 1659 4192 9024 9198 9488 5524 7603 9860
11 9563 9627 6029 9804 6398 1319 7483 8242 2256 7095 2265
29 2247 9495 7312 6764 2999 7386 6871 5838 2362 6587 3829 2989 9192 5559 11 8906 1486 1025 8914 3209 4412 1440 1704 690 4962 1306 3218 9673 6828
15 7499 4877 209 7567 7174 4021 1745 1436 9222 4163 8312 7381 4654 255 1555
25 6412 8484 6202 1326 6023 8167 546 425 716 3498 5329 4086 9534 1753 510 5320 3481 5 8633 8206 8341 5604 6917 4929 9776
19 713 315 3991 211 4541 5914 8244 3534 5810 9686 1554 9672 9356 7317 6311 18 5987 3688 4374
19 2135 4537 7373 1835 2160 64 1864 2866 8344 9455 2488 7079 3914 2196 1579 3929 3172 7166 925
20 2949 9137 2657 3108 8766 8995 5050 3729 6397 4015 9148 4341 4375 2873 182 3741 4649 8057 3380 8569
25 700 7082 5535 3632 8747 6216 1355 9897 3867 352 7493 215 9221 4718 9247 4979 5482 985 8778 6267 8900 4774 5121 7600 9097
26 8703 8435 409 4404 9314 5751 1968 8909 7316 3765 6306 2535 3748 1953 3756 6560 5546 1049 593 2564 3237 5224 7154 2609 3588 7093
26 117 3257 9487 5012 4544 5628 4256 1211 8809 1466 9056 3661 4692 887 4950 4373 167 9040 5618 488 1377 298 562 2276 2650 1662
22 3442 892 4154 3036 9209 9842 9858 4699 5792 5465 4209 8064 8576 3919 6801 4548 3056 440 5623 9891 648 1009
18 7913 3325 8827 7830 5134 946 2762 8917 1933 6555 5633 3166 2747 7784 5294 2029 307 6872
12 6695 1838 5744 7347 643 342 6104 1921 7192 7626 2903 6753
28 1543 6747 2642 7874 5620 4957 8173 7636 9357 9133 485 5879 5101 959 9330 8745 2016 6947 1056 7835 6287 5926 4570 9898 3838 8870 2103 1134
20 6831 5510 2957 6718 3445 6446 1496 2852 4724 8851 2043 1392 8502 9368 9421 8903 1435 5979 6795 8700
13 6901 2422 2518 830 4704 2673 6672 1297 4046 4062 1203 6059 4646
11 6403 4493 3621 1930 4832 8553 3028 3679 6613 3402 325
15 3156 2123 697 9297 6000 7211 7203 9035 6066 7971 8857 5247 1626 4339 1452
5 2384 5062 9865 2127 8422
21 8518 7329 419 9254 1386 3220 9100 7933 8981 9896 52 7749 3547 592 1551 7646 3013 2676 340 8356 8994
9 5769 5027 457 1723 832 7901 1143 9072 2528
13 9393 8055 2074 9071 9761 6716 6659 1330 2234 484 1396 6038 4469
26 7040 8158 4196 1260 6984 922 6133 7134 4278 8296 3507 5864 4136 6187 8281 1035 9653 4169 1708 8678 9608 329 790 7039 4750 6750
26 3855 1372 6164 7572 2031 1365 5457 1859 3909 6379 4892 6642 1071 6262 9718 1235 5747 829 6499 9648 8090 5937 1290 8100 5111 2130
20 1515 4455 8816 6425 1460 3701 3993 1613 2240 23 9843 6180 6812 8333 8923 1983 2301 3535 9638 7049
18 3371 3104 8448 7190 161 7730 9948 1459 2541 3297 2491 7251 7991 8507 6819 9906 7950 8789
12 1992 5480 3503 3526 8065 5842 5669 8080 7719 5390 9281 3274
24 9325 2106 3334 4657 7438 2802 5100 5632 8664 5386 10 2740 686 6543 6802 50 4051 8230 6291 6148 82 7758 8740 6690
3 9675 1803 7110
20 6198 3024 6450 7580 1777 1647 6026 531 5853 3364 7729 8869 847 1944 7490 3449 4092 9821 7760 8147
16 7928 7104 5307 6454 9742 3785 2095 6333 5481 8326 129 1026 8526 8828 2201 7522
8 8670 5475 9665 6988 1155 2545 7826 218
23 6807 945 2690 9575 7922 348 7595 2173 4776 8945 8603 5708 8218 5470 3101 7605 2354 5255 2918 2226 8680 8934 9910
13 4435 5214 8554 7152 871 4879 8510 6596 8661 8599 5997 8810 3207
31 8640 1625 41 5777 5996 483 2352 100 3958 1250 2355 9975 8018 9632 4293 1568 8793 4135 5506 1485 1661 2795 915 6032 1905 299 7559 9387 9088 6479 3626
19 3869 2791 2782 6058 2000 5766 6213 674 4552 7532 1364 9319 4539 7672 7904 6790 6869 923 2038
4 9449 9483 3516 5578
25 4307 9405 3849 6536 8989 6927 5043 2011 2290 230 7680 4043 8986 2254 3805 7844 652 5683 3797 3965 6080 5696 6918 1084 635
28 3253 8447 9633 7554 2333 475 1331 4756 4195 8687 1979 8760 5768 5210 5364 7790 8432 1167 9363 9445 885 4166 1481 8846 7165 3903 5029 4120
24 375 874 4202 6526 9273 7010 7150 3694 9230 3323 7734 1371 8336 5893 6154 4447 4174 4766 4759 4769 4994 7289 7708 8174
9 8329 2143 1970 8088 1744 4671 8451 9467 2669
9 474 9255 7870 3616 4887 4811 3690 9915 3899
17 5868 3910 8991 6886 9276 6784 1325 9912 5074 1603 912 2710 4144 9389 4004 5199 835
21 1105 6173 8631 9741 7754 3574 3174 3154 3902 855 198 4573 2331 6046 2522 4977 432 983 6330 6487 1212
8 1040 6168 2783 656 8306 5098 6976 1190
29 222 3276 7512 212 1 9242 9604 2640 8617 1302 8288 9379 3121 9879 1468 9351 6859 3844 5761 7304 2249 191 7859 1195 9123 4911 4490 6419 8013
18 1005 4511 655 6475 5291 4593 444 1595 8953 9611 8444 1715 4667 1073 2431 3389 4252 820
12 9550 1529 9732 2124 9856 2868 3413 4231 8078 1758 1137 2530
27 3555 3655 9869 1580 2651 8191 9481 969 6850 3570 5582 1624 9697 7800 8357 8202 7590 3497 5467 3745 2064 2287 1141 7338 616 3514 3153
13 1135 5384 9945 1894 5828 9674 988 5198 3641 3042 3408 2321 5939
9 3578 9763 7233 6010 4967 360 6993 1549 3850
25 5424 6529 5487 206 3263 7737 5303 9457 3949 5405 3901 1433 3776 6617 5002 2685 6511 6214 323 9861 571 9909 9960 1722 5723
13 5693 245 7372 1508 8071 3911 5918 1356 0 5157 3884 3562 9309
24 84 2963 1363 3544 984 6893 8324 3532 2110 8339 9908 7610 1296 3235 185 1131 4427 8754 1219 6086 5322 8430 6933 1948
13 9140 3865 4875 6563 354 9647 2505 6832 7207 2191 6581 8931 8596
14 4894 2738 8449 9890 5711 8546 5809 7267 4128 9083 964 6738 2215 4868
4 920 7325 4773 978
19 6706 5856 3821 4088 5627 992 6618 2128 7234 1417 7726 21 5379 9939 5969 8083 818 2606 9850
26 7463 5213 271 1655 2825 633 1181 4355 9440 5967 9849 9826 6353 5908 1770 9431 9480 717 5223 79 6300 8948 9220 383 3302 295
22 7956 4194 1267 1994 4613 8187 6989 8378 4696 514 2453 4895 8801 8111 6687 6791 5834 3343 5978 948 7460 4338
19 2559 4984 9045 9349 5910 2125 5391 9384 2004 7997 784 143 5264 1683 3046 9775 2880 7985 7115
28 5717 3068 448 7698 2041 4659 9475 8094 9539 9028 9228 7727 9229 928 6778 1786 9664 1007 7157 6099 258 6941 9977 3456 1091 6702 5606 6533
25 2695 442 7226 9620 8110 4605 6971 7679 799 1368 6824 6602 1538 4845 2466 1766 4265 1347 4230 9296 579 1939 9955 1157 5538
25 961 8736 8328 502 9524 9527 1352 9159 9641 8413 4689 2910 5804 1395 1317 9943 1622 1990 5850 6028 4963 8929 3887 2223 6870
18 372 7398 7585 5120 3414 1245 9466 9075 2072 7453 8623 5493 1582 8861 9792 664 7831 5646
19 7952 2915 7867 4065 6484 7080 5373 5694 243 6509 9588 6232 1858 5432 5935 8790 9765 9770 1107
13 3654 8819 2279 1171 4419 6520 6606 1636 6322 9558 6931 9916 8169
5 768 2537 8259 4070 5513
8 24 3608 872 5197 336 8581 4069 5370
20 4090 2711 6003 854 1902 8118 7171 4300 461 9031 6885 3075 7525 2345 7560 9780 7528 1775 7099 4557
17 9084 2455 8915 9562 6523 225 1346 2386 6630 1752 8494 6775 2534 7570 2299 8294 5059
21 2869 6752 1564 2992 7464 3635 7298 2462 8170 7242 9713 2242 8411 4859 4269 5439 2961 7814 9876 3860 8036
26 8962 8426 1518 3666 2060 4595 6719 115 2415 2875 1692 7654 1448 8646 4033 7999 1982 5877 6309 5509 6792 9439 6991 6665 7182 5726
26 2356 8979 2198 4733 6357 8529 921 5603 7915 7415 6808 5176 4747 1154 1229 5416 441 1806 2097 4416 6015 7917 4650 994 1052 231
17 4637 5060 965 5829 6856 2663 6313 7693 1257 1259 2246 2021 800 1854 8297 7771 8000
14 4150 1100 3129 6360 3938 3319 753 3190 9645 7643 711 3230 4465 7458
12 4618 8965 9346 486 3957 5109 5791 7586 4156 2604 910 1288
23 3988 8290 9105 6034 1487 6589 7187 9553 8620 2439 3150 293 322 4850 5430 5638 8358 9745 3711 2326 2794 4177 5784
18 5885 7846 5017 6316 3026 2140 5228 6274 6962 7805 523 4117 4211 9659 1424 5005 3404 7581
19 311 4645 4397 8237 4772 6830 4168 4925 6276 5118 5151 6074 9373 5333 914 9721 3043 1574 1038
17 4379 8786 5347 1693 4786 7745 8560 5160 4528 1623 51 2637 2593 3310 1677 7257 8377
22 7399 5954 640 8079 2105 4034 9962 397 599 285 194 8705 6171 5705 264 8483 2902 9609 8538 8113 6439 5110
23 541 2748 2780 780 5158 8273 4636 7837 2122 5380 6363 8177 5561 4932 4612 8757 8365 9599 8275 6035 9831 4886 5501
24 7561 332 9018 2585 3315 1455 5782 5201 7796 8650 2947 6281 870 8525 3132 5912 5773 5316 1074 5202 1931 7938 8429 868
18 4143 6135 9412 5285 497 4914 5409 1189 9288 4147 5372 6722 1747 2139 242 4712 609 2620
18 568 2566 3050 3972 5674 39 8407 5323 3425 4167 7647 2765 5502 2682 2739 8231 1765 1545
15 4494 1959 5719 2207 3345 3165 147 4653 7931 8134 6619 4272 744 2445 8332
17 8950 8157 9925 524 1682 3337 5640 4809 3684 7168 1478 3687 9461 8152 8001 7349 8178
19 6228 4693 1177 6430 5371 7153 8829 217 2471 8476 2929 3804 5286 3998 9878 590 9990 573 4203
13 622 1734 6327 6771 7209 8379 2602 7301 5001 929 1199 695 4471
24 1833 661 8803 5650 8403 2578 2753 4089 5824 4449 6157 2561 9403 9708 8632 3071 1174 7390 107 944 8265 2114 8453 4923
22 6541 9744 3116 8785 8220 5835 3314 7145 7987 6880 7062 7944 3161 631 2251 2836 5446 1848 8884 1164 3185 4908
20 6961 4208 8410 846 2464 1349 9570 5844 4714 6238 2088 160 8866 2550 770 7374 7714 6351 3780 3386
16 29 3651 5205 601 9064 6078 1023 8077 5980 9398 5153 9984 4390 6 7969 5275
29 1664 5818 3067 9965 3816 4405 751 8176 1511 6082 2477 6907 8659 8988 3454 4443 2443 3072 9039 6530 45 4122 6616 6914 9214 6461 5408 731 8972
19 55 3160 7975 5282 9557 5495 8037 4872 3247 5915 3691 808 2444 9418 6614 3559 6350 9391 3517
20 9523 2026 6069 5917 3194 2209 8300 6163 5009 6930 2972 1348 402 6235 6165 7403 8115 9435 1358 9530
22 9216 6884 4349 5477 2952 2217 300 826 3203 40 3859 384 9489 5284 5634 1268 6037 3250 3229 5631 6022 452
19 9283 4855 1697 6942 2686 645 7043 8272 7715 5076 1008 1198 2417 6406 7879 5117 8325 600 5067
20 4842 699 7768 1843 1729 1222 4139 8876 3181 8782 4775 9623 6120 9800 3714 7125 943 3791 8556 3000
24 2576 7186 6804 7243 8856 2754 9537 5374 3675 4249 6114 2931 2580 2144 4000 2678 4931 3143 3388 3012 1173 9176 4124 5449
18 4948 7337 177 1109 8996 3469 2622 7866 4550 1394 8881 5851 8248 4621 9531 2890 7584 3638
24 4346 3826 9559 1904 5621 1884 6480 9062 3429 3499 3505 8562 3127 6605 3145 5000 3006 3312 7954 5703 7801 8363 2411 1150
22 1888 5034 720 9947 6392 2787 3435 8973 5437 7764 7508 6103 6883 9785 8571 8468 7052 8503 1730 653 12 7035
12 734 499 7535 8401 9667 8097 6462 1956 2376 4140 7204 7391
8 3149 9473 7804 2977 7454 9967 8181 9723
8 7119 7314 5732 8059 4986 5660 254 5903
13 4214 4910 326 7690 5593 4063 7515 3305 9992 2557 4625 5992 9824
23 7862 9702 7576 5514 1504 2052 624 1320 4947 8583 3917 1187 8805 8619 4563 8423 9399 9749 7042 1731 2818 7696 6492
23 157 3640 8274 119 172 4029 8642 9564 5279 883 2192 8416 9838 2154 5919 9509 8240 9184 6147 9025 3347 9354 1569
31 2986 2714 5748 199 9450 330 92 7239 7513 4236 7221 9441 6211 9155 3877 3494 859 1749 6124 5648 785 3835 2968 899 2371 3349 3792 2618 7641 4474 4319
19 297 1530 2973 2056 1557 6809 5124 5426 1531 1924 8027 4533 4992 9239 974 4176 226 3852 2709
26 1978 2681 3833 8368 3477 2732 8652 7457 8798 8182 736 6873 6540 1836 8729 291 3954 4754 7836 2145 7310 3928 430 7766 343 7008
18 3103 8024 1276 9634 4291 2927 5642 7682 2187 9101 2810 9566 9911 4114 9987 4523 8402 5616
26 5341 7287 4233 9385 8348 9127 4858 3133 9054 7366 8904 7259 9113 9547 7958 1446 1919 6624 8759 9787 2583 2888 9507 2964 9719 5874
11 2912 7948 8394 2120 3868 251 7214 2457 8723 9568 7537
23 3281 8459 6192 3073 6474 8796 8615 6251 4331 388 2693 2599 6513 9978 5106 2263 6014 4972 1021 6445 3298 3120 8897
26 5716 3049 7792 5295 8681 9065 772 560 3099 7829 1282 3210 7296 2501 7510 9447 2587 9663 6557 5736 5812 3014 4049 3819 7881 1691
24 957 2006 3368 3783 208 657 1631 3434 5526 5099 387 1656 9994 8140 5104 2017 6264 2615 288 2812 2007 5953 270 2508
15 6724 5991 7962 6847 9594 4438 7181 6577 1957 3180 3019 6087 2691 2816 3713
19 445 6735 3193 3624 4340 26 2087 1832 2555 752 9253 3548 4530 1599 5312 3048 6715 7489 623
13 3693 1121 290 4806 3038 7245 2404 2288 5272 6889 6514 7601 6934
10 2020 7156 2736 3246 706 5010 9660 2469 2608 1562
18 8395 567 3891 9805 1908 4520 6319 594 2850 5132 179 1927 4181 3113 455 5293 1378 9545
6 2008 1013 5983 6610 2463 3857
19 8406 5113 5698 1054 6550 4481 1311 691 1101 3086 7295 8165 3324 8124 5130 6959 392 1304 7112
29 5598 9851 7430 3921 9492 572 1553 4497 1620 1309 5123 8103 4456 133 5664 732 1566 4152 3081 3810 4298 7225 333 6323 7057 6242 6113 7404 8091
9 3030 5517 498 152 6222 6946 9729 6190 7813
28 3471 8566 4507 9511 241 1369 1081 8542 2121 7334 4221 6726 4688 4997 3763 7583 4762 9591 9244 2071 9178 9958 3485 911 7054 7032 3620 6524
10 7141 8557 8978 2425 9464 3366 8665 3609 8028 1159
23 8102 1421 3475 8367 1565 3227 3754 4019 612 8004 4351 3016 539 5651 4362 4142 7059 8849 2815 5825 5311 5760 7986
29 8840 277 7086 7085 266 2600 7246 4485 8938 4356 7604 5219 3211 6696 8108 3907 518 8258 1423 3563 6626 33 2647 3702 8070 9614 9922 4315 2704
14 585 19 4781 1588 5562 4366 9438 15 5486 9583 7352 5975 8722 5037
17 268 5990 5887 7172 8831 8937 6346 2377 7769 6932 3584 4104 8963 3593 134 512 9868
26 4495 7116 9813 6420 3680 6512 952 3657 4677 3905 2383 4125 2546 1918 5639 7056 5392 8837 2050 5044 3059 7943 4354 2494 4446 8669
11 1353 6150 8588 146 595 1443 6476 1779 1117 3476 2758
26 5406 2357 9267 4410 6356 1845 8695 4477 6491 7176 880 2923 2364 450 9621 2517 8497 4812 5078 3074 8777 3134 7335 3204 4719 3871
11 8342 9459 7854 6259 8441 4968 5599 2823 2773 4091 2853
5 5649 3539 9569 1823 6997
27 7640 1593 5890 4482 6438 9923 3775 8263 9822 5770 6179 8952 7659 7077 2851 5950 3060 1895 3941 4261 7264 1350 9747 5068 2221 3712 2117
27 1528 789 9874 2409 2473 2527 8585 9496 9526 4634 3673 3710 8450 4701 4698 7046 8584 2283 9989 9047 9986 1014 7577 6294 4077 6063 4296
20 583 7319 9631 4050 1949 617 6336 6597 886 1912 1197 2893 4840 5529 238 9862 6545 7667 1462 3861
28 2941 3236 7357 6756 933 3906 6402 6089 2797 3155 516 7045 275 4675 1741 6298 1668 9835 7942 9903 1484 7989 1726 8879 1341 8195 795 3897
18 8204 2118 2132 6652 1294 9364 1246 5498 5152 3427 8409 2091 598 9259 4982 1003 1552 8308
26 3025 5358 7465 8464 7492 7912 7278 8860 6344 3895 1891 8481 3293 6983 6945 3296 6972 3412 879 1645 4295 424 1001 1139 6919 3950
27 1735 5393 3092 8637 6742 6615 9576 2857 5087 6426 5211 2713 6974 5625 5349 8512 9699 2811 1542 1285 204 5545 3591 5682 2280 3618 3569
18 5304 2641 400 7602 4973 9182 3636 4099 8521 578 6582 3372 2037 1027 9642 9834 1115 8874
19 4829 5815 4498 4784 1638 3846 4486 4964 5484 8200 71 7218 8716 4697 9129 4606 2410 7252 4393
21 741 8149 1024 6836 4807 506 7663 8228 4213 4965 8895 9358 7788 5925 4936 4603 1068 9528 5348 1015 8654
18 5381 4428 4935 730 4011 9798 6928 3018 2342 2379 6065 4691 4976 8959 6295 5435 1892 6193
10 9979 3708 7113 9160 1771 1781 8437 7362 1559 20
29 8559 6404 8832 8254 7668 2781 1537 7216 4270 8038 9038 4768 8755 6204 9506 5767 3076 8354 7634 8880 5787 2474 3644 5499 7888 5434 1437 7123 9243
13 6321 6793 7330 6564 7023 4294 628 9294 2697 6911 7487 4013 2909
19 3743 4706 4467 2654 2921 7872 6203 5532 7718 278 4461 850 4030 3091 5185 6501 3171 807 7937
26 9581 1637 5500 3603 3191 9538 2653 7068 5995 1045 1981 7918 7090 5520 5793 654 2416 5365 6766 3898 7201 7332 5758 8374 8543 5841
25 1269 7446 1046 3970 2320 4130 7907 1476 4113 6838 6699 8492 5171 7741 6249 4974 7367 3837 9266 3533 6093 4267 7565 4292 6011
16 6039 5679 4012 7094 4915 3736 4175 4262 4005 4998 7051 1642 1242 6632 2273 1958
16 8520 2742 9382 1175 908 1523 6727 2393 9167 4317 4052 1093 805 4732 2878 3984
16 3457 6068 2539 7876 9512 1913 5830 4119 821 4433 3278 7147 1064 669 6650 8331
15 8728 677 6159 3188 3058 8682 6024 2661 7761 6094 1376 6644 9918 4501 142
24 4687 6877 5090 5668 4940 3802 2706 4415 3466 5250 6312 3277 9682 2500 8215 3733 3633 2946 5652 302 7527 4951 1082 480
18 3564 1860 6879 8780 582 5730 1050 3351 4280 7031 5378 6525 1354 5895 6019 6964 3264 464
8 580 6455 9927 9921 1367 2814 7235 4241
17 6649 3311 5757 6413 3047 6985 5375 8761 2543 377 1067 5138 9126 6233 4133 1343 3589
14 61 3758 7557 3807 8504 7276 9458 2260 8956 6999 9474 9541 2768 180
17 4788 1030 248 1997 3594 4372 4344 6283 2270 7794 4561 5041 4899 9758 9709 5904 6686
26 5161 3976 9830 507 5566 9262 2385 9151 2558 3946 1104 8072 6821 4582 7024 6042 6142 2582 3889 2002 8114 7951 8522 685 4540 2617
27 6456 2335 9030 3566 4764 2434 2665 403 1721 1429 2374 8186 8918 8935 2340 9941 5326 5898 9760 289 1594 7673 4820 9794 9404 557 1136
11 8179 5049 6711 9251 6904 7506 2502 6559 7702 6623 3886
8 6952 3575 5332 3760 6349 4199 1751 3737
17 7877 8630 6206 1313 8791 4205 5837 1942 7562 2648 2346 301 6840 7163 4725 8044 6246
17 7799 4437 9543 3875 511 5539 7882 120 3465 3731 2796 4121 3221 3567 5687 8047 6285
25 489 6502 3951 8548 8434 4703 2338 9949 9165 7555 6121 8662 576 2959 9661 8471 7280 620 5461 4556 6302 6158 4324 2134 4922
17 9207 8029 5466 3462 7196 6537 7629 4857 272 7231 3443 5340 7529 3551 7720 9258 9803
7 8184 1474 6161 5188 4394 490 8563
9 8420 7108 1430 8968 9600 8888 6339 6603 1359
21 8675 7810 2928 9078 9680 2570 4953 46 4792 2924 1644 6268 9073 6515 4337 3440 8311 2595 603 3883 4841
12 6424 4200 5540 9549 5234 2660 5813 6664 4695 5150 9759 5175
21 5245 7637 8940 2981 9505 5608 852 3222 6604 3395 940 3515 1795 8053 4193 3836 3500 746 4158 8443 667
18 6160 3170 7666 4666 823 1263 5622 4588 9933 2202 4218 7833 7756 7476 3422 3488 7303 6342
12 7468 693 7945 1108 5531 8751 1663 4273 8222 6667 2664 2659
22 1866 9602 8382 3105 3614 3986 1283 4464 361 6539 2772 8944 6936 7241 2638 2310 8249 7649 1472 3545 9796 966
18 3692 2784 200 6473 3114 3542 4709 9156 1004 7474 7894 6389 9333 7547 467 5080 2177 8019
19 8578 9199 7724 6566 65 7502 4235 7635 8081 8498 888 3363 4275 2830 2027 7968 1813 3723 3238
6 9121 6910 6396 7588 5802 4818
24 1993 1605 8739 4761 9613 3232 7642 2314 715 1051 9324 6678 8284 9175 798 165 3600 5644 5003 5788 176 8454 246 2509
15 3239 6689 8699 825 6842 4115 5453 2482 3290 252 6331 9377 8319 8089 1929
16 9901 2838 4164 428 596 7494 5690 159 8303 9750 750 5889 9067 8908 5020 757
27 7911 9191 989 5240 9872 127 9900 8998 7370 8746 6140 5268 7132 836 5943 2405 1432 9725 5946 8570 5463 1877 6470 1277 8260 170 9931
21 9411 7020 4867 3022 3879 4643 8353 8101 9019 1416 2150 420 588 1225 1044 7669 9146 9145 8898 5547 3097
20 1563 2470 636 163 6680 2468 9355 9630 2311 6225 4678 3419 7247 7485 5248 1092 4425 5855 2100 4378
25 4882 3197 4635 5663 9002 9617 1453 7808 6657 4302 6106 3597 3163 6995 4572 5930 3927 8056 4753 6477 8636 8282 566 3064 86
24 5902 6654 5746 3510 57 3051 1079 7263 3793 3930 7081 3421 7609 9436 9372 7992 5414 9601 2594 7906 4308 4790 9304 5848
13 7229 6875 975 5955 4250 4297 9171 2696 9836 5452 9980 8446 9287
14 4066 4583 3989 9926 6186 3740 2900 3205 5298 2948 408 5140 9193 8824
22 6965 2899 4717 379 8160 3925 614 2116 4251 6131 4565 8417 6637 393 3662 5489 3942 7416 5551 5790 3619 2318
19 610 1492 1142 9696 3915 9179 660 3530 8485 2407 6386 6443 7341 4060 5139 8549 7536 814 7482
20 7318 7140 7891 7255 4101 5267 704 3393 3622 2108 8505 5933 6898 9508 7990 2131 3417 4197 5269 7459
16 2429 1414 1635 8573 8146 1550 1601 8042 7232 2059 2771 1817 4476 1570 2840 1507
22 6633 5875 3403 4720 9579 9833 1820 7998 1861 3959 9456 3061 6320 7970 1808 1536 8384 9277 4779 9311 1404 6507
23 2278 6745 6498 4384 1412 4347 4491 7167 9810 5314 7021 4730 528 8852 7923 8393 3943 7878 9058 6365 1088 2138 7566
14 2774 5710 8835 1500 378 7256 8719 2486 8663 5865 7283 6434 1244 6273
18 9020 3005 6053 3602 4602 3119 4880 1583 9963 7613 7519 8611 7983 5232 2839 296 5125 8163
11 2418 2749 5993 5483 471 2692 1360 140 4983 4554 8433
19 9291 6123 513 8338 6409 1102 9429 2745 2406 9408 4247 5064 4314 8624 5444 4700 1479 5485 8921
30 9626 3607 4959 2401 69 8653 2180 6639 6956 6013 4227 6367 7770 2907 8150 2729 2142 5738 5186 3771 651 1274 2389 2750 5745 1760 6405 5225 9573 8712
17 9187 477 8207 9951 5783 102 7162 156 462 8500 5610 6391 1736 3088 1087 4268 3021
15 8509 9974 9012 2649 2245 4652 8188 7633 5550 6056 2645 2264 9225 3489 2939
10 4586 493 4016 6305 6814 4027 6521 8424 3254 8947
19 4644 7193 7697 8075 6677 8830 1513 6387 1654 2911 5412 8913 3376 3571 1602 2926 1055 5244 4861
8 2327 9985 6220 8609 6896 1880 6441 913
12 4098 9864 9345 5713 8694 949 7873 2206 6864 3341 7713 1120
12 7227 9021 3634 3558 4431 9094 4284 6112 2698 6853 8877 9522
13 6694 864 3199 1863 7092 8190 5260 865 9322 4087 495 3980 9515
18 219 5948 3029 6410 2216 5352 141 6279 4105 4937 5317 5083 5396 2936 5035 3700 4961 766
14 2176 1670 2381 1382 2672 1694 5207 2886 7307 762 447 1301 5108 44
16 1815 2942 9595 1218 5626 9037 5952 9249 589 2334 4022 8893 9307 5707 4320 9329
21 3008 1010 1628 9118 1676 2075 6746 1709 9784 6116 9929 3598 2380 6256 3248 7744 9714 5896 3480 9227 4891
27 5222 5572 1240 1201 3054 1152 7456 934 3146 5998 9143 2722 1783 8590 9863 3738 1457 6561 5549 5776 8387 5897 2492 6595 7393 2055 2658
29 8271 2230 565 9757 2916 7847 7096 7941 5899 4584 6674 6641 3992 3625 1132 8822 6464 6117 7033 4599 4516 4620 7469 4095 4364 8120 224 5149 8980
23 9670 5112 4836 6244 2790 2164 8026 7142 6495 5166 2451 2378 9453 7050 5354 8501 3318 9454 5494 5666 1191 316 7133
16 2944 3557 9410 3062 9272 6865 8051 7222 680 6184 201 8359 5164 564 5236 9359
20 6361 7864 8203 1986 7382 8854 6380 9561 9812 4206 7361 3997 9106 8788 5141 7863 1147 1204 998 1951
15 3321 9231 4442 1094 605 6278 2257 4401 1213 3301 443 7219 1454 9312 124
6 3647 3767 1572 9422 9961 4325
26 8564 769 7428 8224 782 1106 9710 907 1415 6243 7501 5909 4898 116 1780 3223 2514 7027 4672 763 5542 3978 5459 1923 3035 9203
15 7716 1411 2197 6572 9275 3642 4991 2629 7385 4162 6151 327 2200 1938 8054
17 113 3329 5554 8351 95 7884 8955 708 2368 4969 2412 389 1238 3718 9700 5077 7036
24 6913 6741 1186 2033 8151 3904 4623 1947 538 6452 5122 173 9428 5383 5840 9437 7688 9338 6250 2329 5142 3586 2586 4662
20 6607 4421 4020 6729 7135 5238 459 1220 9950 4224 1061 446 2353 410 8349 5361 2623 8211 4778 9536
17 3168 3358 7940 9112 1351 8270 4238 7767 8625 5215 7202 3681 4 2243 1418 8905 1293
27 2313 7711 9401 8902 210 4318 6272 6062 2525 5684 3811 4821 9302 7757 3359 1262 28 9756 1442 9885 8295 2152 7427 7183 390 2175 3781
18 1724 8783 8376 3947 4920 6352 4656 3082 853 3952 8164 7691 1541 2366 8307 7807 3973 7025
22 5402 1384 8462 9586 8034 4450 4274 5941 9433 561 9880 7556 3935 6612 1124 7240 1764 4945 9555 5147 962 2786
11 6900 3409 4246 977 9751 2979 105 5764 8159 4472 492
15 2507 739 7248 2440 7883 1910 559 4744 6902 1193 280 3079 4685 6447 2887
25 5343 8073 2896 8155 8742 8804 9195 8970 382 6416 5635 776 7743 5258 8161 8006 2619 4952 1076 8999 7496 1809 6191 8123 526
19 3667 2536 2975 6307 6265 2112 9135 2119 5579 9952 9082 4824 3039 8366 6102 6948 6090 8235 8131
16 554 1228 3017 6503 942 5701 5803 7275 6925 4406 2089 2808 9658 5478 7343 8069
9 7088 8323 2495 2573 712 5296 8862 7617 4531
29 8587 1407 7546 5957 7710 5187 5584 9158 3418 9928 3974 2174 8229 1934 5658 7707 9153 8469 5570 8389 6661 1149 1295 6444 4040 2764 3033 4057 8942
28 6418 3208 8892 3083 1755 4171 8806 9964 3896 8820 5959 4690 5073 7650 4647 8314 3650 7736 5126 4943 2822 4242 5203 630 9736 4145 3812 4955
26 9698 4377 1773 7249 9654 7034 4007 5241 1862 3261 9478 4767 947 3186 4906 7798 2358 4076 1925 5820 7053 7850 5960 4614 437 1680
22 8698 8932 8713 4630 3375 4869 2250 4035 7364 3759 3646 1710 8533 1922 9076 2993 831 1540 6257 6700 3484 1950
17 6780 6485 4170 1524 5602 5428 9981 6422 1768 8257 193 6909 1292 2835 8540 126 6517
12 6767 8586 1804 6021 5156 233 2760 8741 8475 1322 4210 8727
26 6044 2293 8346 6128 7994 3215 4888 5014 7197 121 1166 3750 2694 9043 6773 9533 8162 9170 7518 3015 9791 3637 6958 2421 7011 8618
10 4056 9347 7117 9636 3398 4403 3098 6081 5441 3848
28 2531 5858 1830 3966 7628 529 9068 4400 3746 2388 6460 1179 6041 4453 1591 2769 517 9748 2447 9081 1936 269 5345 4901 5836 4363 2211 4622
13 3410 7180 3291 494 1561 9157 7842 78 3613 2351 2336 5512 641
11 5881 1438 3601 1955 3066 9954 3752 2872 7892 4108 1022
23 1879 9845 6567 5503 1239 369 4834 9482 6769 7368 1310 2433 7699 9053 2858 4551 9013 6005 6782 7175 9374 1718 4383
24 8086 6851 7574 6710 1963 6076 7856 244 6579 9612 2467 1960 9934 3356 1307 3979 7520 4590 334 6759 5229 2070 2879 89
27 8189 2426 135 2856 32 7253 8882 9972 97 7143 4802 894 2204 2524 4001 4771 6077 3125 9057 9854 3452 504 8943 5647 1573 6505 8582
16 2828 3138 3200 2982 3818 2044 81 8610 3225 5325 702 6051 4755 9250 6494 3087
15 1794 4575 4299 3605 849 1587 7342 9809 9652 2023 7414 3285 4608 581 3560
27 7849 7028 8784 2424 8772 9477 9202 8951 1441 6698 1168 3648 2547 550 235 7009 2684 8048 5590 8340 6217 1144 3853 5454 398 181 2770
25 394 6794 530 8536 164 1324 767 5847 138 6301 9778 6820 8933 5052 9448 7703 604 7452 73 2908 926 8552 8122 6675 7855
21 6269 7451 1995 9320 2036 3502 6643 5170 9186 3330 4381 5739 8702 6315 259 1249 3934 8137 2427 1966 7539
19 6843 9406 1674 9628 3717 1627 607 7811 4971 9837 310 788 2725 2460 6676 7733 4305 587 980
16 519 1883 6110 7224 318 6119 3940 2667 6593 8373 412 918 7651 6129 6935 1284
25 7709 4546 8277 3866 4107 3433 9394 2343 2548 6866 5133 5385 7189 7328 8141 1477 426 5671 9840 2987 9034 6701 6518 4723 7964
26 7188 9935 5089 5920 4396 4990 374 5310 2107 8023 8551 1308 5313 5097 8299 7160 2162 3630 556 8658 2569 5533 7828 5443 3478 8802
11 1332 726 5025 9640 2967 895 5982 8397 4047 749 4399
21 4475 8774 6245 9164 3112 986 5913 3531 9248 5564 7592 9584 9513 9397 7340 7106 7725 503 5742 4823 5859
8 7064 7114 873 5557 6562 7909 6152 7105
19 8213 2166 5699 5756 8445 9134 6132 9070 118 1048 5907 7542 6253 1688 3699 8010 8946 4386 9693
13 6912 5662 7014 1393 9001 2078 1814 3968 7250 3525 207 2168 4483
21 8787 8020 4661 1221 2305 4028 8421 6967 1169 6359 2702 2568 9303 5208 338 1914 2861 8473 8975 5339 4321
26 3697 9920 5686 2799 4749 4930 7762 2292 7564 8864 7793 7624 6146 3256 4100 6145 7511 1085 7851 2098 5536 2610 4281 9532 8138 8499
16 4536 3546 5743 7406 533 7097 4017 1160 286 2025 2034 7806 5472 6226 8971 773
15 6656 2603 2523 9815 1873 9419 5422 4913 5962 8645 1338 897 8193 7627 4941
5 1227 7612 7346 7534 4796
20 7293 7455 4885 9556 839 9657 5601 6580 4503 4838 3926 4926 4436 7290 1490 2372 1495 794 1202 3825
10 2324 3202 1763 3206 4928 8666 5563 7146 5665 144
13 5971 5387 4352 8128 2360 1660 4939 4329 5883 2289 6136 5873 5173
6 6662 4648 4665 6012 8192 7206
26 1447 9128 608 9944 951 2178 380 3623 5033 8033 281 1431 5801 3428 1976 5136 5496 6303 3407 1153 9301 7742 4683 5988 3727 7173
22 3333 6199 9306 1984 5516 1792 9681 1281 4326 74 4638 1271 9724 8293 7266 5780 5190 7959 1488 8337 2755 7820
24 1194 3426 3721 8412 7466 9238 7488 395 9734 4942 4430 5420 973 7121 1720 532 7262 2575 5749 5831 828 9650 9396 6417
16 2296 7704 4833 6765 8823 4658 6638 1886 1746 353 2115 2248 9607 1590 4198 7773
16 9733 9046 3396 8285 109 9190 6648 8523 629 4328 6297 2630 1695 1533 6899 9520
