28 8450 286 8177 8073 4311 9629 8865 5506 9457 1477 7925 9654 8899 683 4829 9712 6204 8158 6110 6020 5625 890 1153 6659 8219 4380 9650 7899
27 1566 9445 9791 3694 9033 309 6727 3905 5700 5238 199 3839 6253 5152 4855 4883 2411 7975 6691 3736 315 9623 3493 4026 7965 7165 582
26 6198 7545 61 8049 2966 2468 3741 901 5490 4519 1436 2632 6540 3047 9671 8291 1884 1026 1782 7619 2065 5907 3148 9388 6279 1766
27 6261 1387 7982 9408 6767 6304 3520 1427 8499 2178 4147 2551 2549 4693 613 5655 7283 9512 1617 217 9657 695 4664 192 6074 5897 7368
30 8103 4107 7439 3921 9627 6746 1344 794 8486 8668 9815 1000 1524 6206 9279 512 5731 4738 3718 5891 6118 8951 5558 3084 4490 5787 2789 3872 5273 6479
25 9151 6557 6610 7331 5082 899 3830 7483 9308 3078 1988 907 9367 8135 8401 3113 1845 1992 7092 4362 3163 4320 41 1991 4875
28 9475 8546 3534 3855 9150 3346 4472 6562 2832 1693 7484 9087 4515 8512 580 9312 9066 7829 6689 4991 8021 4620 7019 8522 1798 5734 2467 6090
26 1134 4246 4808 1835 6790 2747 1229 6538 2132 4201 2808 8801 2900 2743 2739 3400 8587 7143 6682 8473 7137 9486 8535 5536 6189 233
29 5876 2381 4338 540 8530 3851 6036 4117 4413 9274 3794 5289 5198 3941 2220 3437 1511 7932 3790 3773 1510 9369 8633 2491 1800 7738 2119 6542 697
29 2234 1539 4507 9836 9980 8992 8381 4358 841 9737 3229 9173 6976 5438 5427 4368 7018 981 3418 3890 4070 5103 2742 8635 6289 5582 3734 3474 6650
24 835 1573 6671 6819 7699 9937 7800 4799 111 4334 997 1044 9448 6904 7514 8425 9473 4663 5715 1834 480 9991 2213 7820
29 9670 94 8870 1148 6150 375 2221 8920 888 7468 2646 8889 1742 3981 922 4551 8942 9469 8866 500 6870 6126 50 8940 2257 573 7008 7004 9354
29 1959 5147 2890 544 2736 5868 6551 9182 6236 4864 1011 4223 2397 7404 2014 8787 9757 1272 7676 7476 4441 5421 8229 8104 7857 149 1428 3366 7568
29 6428 8698 8447 7380 5826 7436 8320 5556 1411 1121 893 7767 3515 5611 8426 2540 3639 3552 2839 1058 6700 2471 3626 6602 4505 7094 3207 1136 819
32 1179 7794 3630 9797 3951 1217 8201 8235 1895 4931 5119 6856 5329 6085 6137 7702 8990 6758 481 4498 967 4308 8531 6281 5686 4905 6818 8165 8484 8487 7593 6537
26 7678 6980 3640 4777 443 6616 8646 3724 4158 5297 7766 5828 7346 1866 4492 7808 4787 5288 8825 6109 8772 9667 6901 7741 7921 3422
29 187 625 9117 928 4186 5102 8176 7513 380 974 7345 2606 2675 4417 5732 5519 5505 7500 536 646 179 8380 8382 8690 4008 486 5950 2895 7272
29 156 6021 4390 4660 1442 6444 5318 9238 7541 8249 5879 8358 9110 1880 567 9287 2560 7171 2697 4868 148 6194 8456 4884 7617 9586 9094 2957 1793
31 5266 3632 89 9019 2051 5726 393 6446 6436 5522 8040 995 4019 123 1621 1353 2714 3869 6195 4770 7971 3538 8922 9977 1347 5466 8416 8298 5836 5033 4964
30 9053 9157 4068 1614 82 2873 1639 5772 6331 5023 7037 1168 54 2656 3464 153 4434 2309 2045 6381 3966 9373 9603 8818 8515 7156 6821 7399 8964 63
32 2734 2517 7946 7358 6117 1597 4248 2096 3185 8004 615 5096 5694 8665 9464 8348 2527 8028 6343 6964 4711 2347 1646 1966 5657 889 9613 3816 3305 6647 3748 8311
28 2717 5325 9727 498 9378 4156 4314 3300 252 5133 1688 9793 7443 9081 3446 3026 5378 2564 1073 9693 935 2486 9608 441 105 3328 5021 5988
28 2995 3756 8406 3972 6890 3763 4249 9590 4069 2536 2161 1020 4440 924 5833 3152 4232 8310 8571 6525 5364 9610 4319 9342 8981 637 6038 960
27 2822 8184 9591 5740 3598 3331 8072 8569 1888 409 5068 3743 8413 7308 2657 475 7909 7129 3973 7874 2831 8411 6478 2505 9423 4063 9577
26 2921 773 9336 8286 1051 8714 1996 3192 8904 7450 5699 8106 1761 1838 3470 414 4056 1582 2787 8357 9631 8648 6717 47 5050 7471
29 9058 2198 7787 5185 5207 1178 3755 1689 2310 2722 1256 5412 3241 1774 2006 6991 6877 6695 8098 3597 7389 2545 4681 2261 9563 5928 9995 6942 8799
30 6430 8669 1893 3899 1700 5829 2024 5499 3001 8423 7078 5793 5480 4582 6510 7258 3723 5924 7218 9706 508 6095 5607 1827 3977 2732 2478 8218 9403 1199
27 4467 3384 9695 6935 1197 1123 5682 8791 8349 5704 2243 3298 8861 8775 6670 6924 7217 2602 4886 4220 3070 7520 5864 2881 4354 3403 8392
31 2150 4574 7115 5153 1422 5020 7259 2154 5218 6419 9808 4888 1435 7873 8666 3054 5477 3895 3602 3776 763 6468 8071 7204 9950 5946 3930 4346 3030 4526 6179
27 2870 9696 8386 2228 7867 4393 7605 9084 2955 3035 2986 5791 7001 1392 9214 4035 8331 7095 5888 4848 8323 399 2731 4384 5489 9015 1154
29 3448 9213 1186 2916 4195 1016 2677 5166 6167 5274 4831 5222 2924 2122 9739 4294 8109 8882 5648 9534 3539 176 8785 1232 699 8777 427 624 124
29 2368 2847 9251 9120 9913 1969 8293 7054 2433 425 6097 9035 2382 4160 9091 1535 2568 9426 5415 1043 5094 8181 786 4075 442 5398 3931 1533 2659
25 1434 9561 1140 477 1380 555 9172 358 8258 753 5000 4430 8142 7681 8497 5750 4225 9225 808 8567 2828 6633 7655 3517 6575
28 2922 3235 487 6961 5658 9773 8756 9565 3429 6740 8055 6914 7824 8604 5874 2903 6462 8999 2047 8016 3365 4920 885 9205 1685 8810 9452 1367
29 5371 9031 68 2293 7667 3479 3558 6978 7680 9835 1292 3456 9411 5268 2216 8491 3337 8656 944 3924 5011 6593 2990 4479 7861 4135 2267 4477 1648
28 5959 994 2365 4099 9382 9096 6618 7915 5911 2654 9921 6238 8938 32 7199 5646 6106 8269 1748 6605 2461 8485 4593 2203 6358 2544 1350 7688
27 2635 2191 2803 4766 5113 4650 4046 4636 4096 5010 5496 2558 6191 7830 3251 5504 7656 1469 1351 7231 9016 9656 6316 856 4840 6271 6133
26 6056 9360 3533 7529 7752 8234 908 8933 3480 5074 1749 5404 7150 2546 2315 4534 1246 1803 155 8252 1375 4973 6762 8978 2561 5517
29 2758 626 5529 350 1241 7158 2782 3486 7675 8458 4833 9677 7941 4546 6483 8031 6726 9659 2521 5931 2023 3617 7454 9652 1869 8823 6169 4793 9873
28 5254 2607 5771 9646 1745 8549 3238 3722 5188 8454 6361 2542 6185 4818 8734 6719 2010 9823 398 5335 8735 4463 88 5391 9828 8070 6830 7260
31 3183 5837 457 5756 7516 7109 6504 163 9407 3625 9289 1193 6666 6820 4281 2184 3893 914 9430 7212 52 4706 3142 7819 1110 9348 7717 5795 852 3334 2254
28 6975 2202 3385 1049 8766 2346 7369 9324 313 3402 9821 5395 4992 729 1530 6166 2219 3820 1584 244 3097 5250 1374 1957 1396 3697 4635 6091
34 45 3562 7222 5908 2042 2752 8966 6500 6205 6793 5769 6715 7407 8943 7958 5830 9845 1830 4072 3213 3574 1645 424 9237 5788 8719 4912 614 1874 7396 731 8792 6235 2367
27 4891 750 256 3278 4655 1236 2908 5748 7671 4958 6138 1908 4658 5306 5581 5373 1606 1033 6967 3550 2871 708 2302 5660 4517 5844 5418
30 6440 9960 1271 8561 5476 7575 397 8958 2499 4562 7812 5781 6354 9628 2235 231 3344 2419 755 4604 154 6831 5328 6848 7734 9285 4895 7850 1773 8385
31 2139 182 9470 9732 4715 1210 6125 606 4048 6750 51 2474 4825 6878 4723 234 9119 6807 1973 8643 6987 5321 9245 6801 8088 2250 1812 587 3074 5473 85
29 3636 4634 3656 479 7161 7528 1412 9892 7660 1007 9973 3546 9809 1870 1314 5346 5642 507 9345 7550 2958 1041 8065 3995 6248 6932 7926 2956 5065
29 8725 2351 9606 6284 7952 236 1784 9310 8993 8309 360 7108 781 5072 8713 6170 4310 6649 9779 3916 3093 9132 1501 459 9878 7166 5926 7938 8909
29 3039 2648 6001 4259 6871 3 2036 308 6547 3532 5514 7706 5852 3010 989 3677 2130 5001 4085 3007 9105 6108 5589 2964 3157 4619 578 9410 6511
25 3353 6330 4397 5917 896 9515 768 3439 7163 2552 886 9029 5108 1223 6629 9011 8333 5389 6589 7530 2729 9705 3138 7194 6065
29 389 5008 9787 5534 9190 7957 8651 4828 5439 3675 6847 6531 5036 7267 8639 3944 6175 2256 386 905 9432 8704 8342 7754 2264 7100 7174 9296 9404
26 5482 3171 3524 2168 4053 7299 2136 5406 8476 7525 1935 9250 4943 2508 2445 5131 5920 1703 8449 7220 4877 3710 5586 1638 4767 6246
26 3187 3782 5247 7442 979 6779 33 4672 1326 3835 9780 9370 9002 713 7558 3740 6336 9083 3140 4537 7977 1237 806 451 3106 6413
27 4611 7639 8481 5109 8053 8697 3731 7065 5821 8877 8296 1698 9068 5606 3896 1047 8702 326 3089 1284 8923 5358 8811 2962 7050 7553 7652
29 8172 3551 6482 7151 4408 1042 7866 4017 3908 8147 3606 1034 6829 5839 3747 8759 2708 7889 762 2700 6140 9142 2455 1481 312 1337 7521 2349 2107
25 3060 6729 3312 2037 9428 4858 1340 1549 5687 3892 3490 3147 8509 5426 6861 6403 7023 347 7862 1328 9124 5882 287 6639 2504
32 820 8896 5966 4480 9702 3610 8012 2238 4205 5369 1610 5403 1564 258 858 9010 6836 2981 1488 5013 1625 8869 7716 139 8521 4000 7967 6339 1119 2329 518 5638
30 8598 3827 6093 9685 4006 2353 2137 8711 456 6393 7105 84 5352 1144 2790 1721 9060 2185 6223 1581 9922 9897 1008 3032 8853 5380 6784 5712 3580 419
28 7318 9194 8143 7579 629 2569 8494 141 6675 8593 4728 2610 2852 5073 1249 2757 1156 2726 5111 6047 2575 3578 9034 9208 5032 7801 7697 4605
29 3190 9288 7448 2005 1675 3405 3847 9272 2403 9178 3925 8294 2033 4098 8490 2283 9169 812 355 4405 2081 206 963 7287 235 1820 1295 7537 3767
30 3883 5241 7335 850 3442 2746 6634 8478 4083 7815 7076 334 2092 6908 3063 8688 4051 2333 5799 1101 6067 9331 3447 5337 6660 5559 3664 6320 1268 4659
31 4172 6152 9522 5310 7485 9121 4315 8687 871 4679 3228 9703 2416 6684 6399 4851 7238 1887 4453 8800 1844 410 6370 2865 9881 2976 8164 2487 1551 4789 3232
27 9738 5645 9718 1330 9984 3844 8445 515 8500 106 8042 4062 9526 7645 7056 6044 4902 2407 5212 5061 8881 1529 7486 4138 9894 9444 8887
27 9392 4671 3833 6640 8464 294 5201 927 4885 4163 972 8755 2017 831 1439 9674 2988 9801 5271 9449 9508 4105 2703 1655 5635 5240 4901
27 6933 4303 5984 3698 9669 1994 4692 74 576 6210 6098 6337 7035 4839 4656 1632 3432 6526 8086 3338 7892 1995 9253 9642 3062 8194 9784
33 2584 2563 8339 3560 5005 8046 9803 8718 4185 6084 2629 5291 9007 9618 603 3441 278 3939 5040 2229 6120 7964 4939 5322 8738 2987 7074 1951 8343 8117 617 7474 9163
27 6507 4494 4701 4067 9397 4001 216 1222 800 3802 9771 1166 5834 909 8148 8087 2181 5841 5605 7814 4558 1586 8836 1470 7386 9152 6088
27 5832 7539 2649 7969 4910 1575 9223 2613 5355 5055 203 4028 4266 1085 9 6644 9262 1702 8612 1478 3023 7119 8994 9579 2481 5690 7207
30 2223 8653 5794 3746 4391 6049 8532 2601 1096 7082 6449 4696 2811 1494 1517 7378 618 1622 3329 3255 6896 1384 8474 3586 3015 1509 3355 4962 6480 7502
27 9822 7613 8850 8586 7798 1961 8970 8292 2680 5523 7268 4687 510 4603 8762 2658 7813 4187 9516 329 7113 1628 2667 4682 7002 1851 4594
27 5260 1492 2855 5545 5298 15 851 9954 1680 6927 1948 1294 5718 131 9297 241 6958 672 1945 6342 2336 3135 3687 6311 8187 4256 3531
32 9106 2765 6319 2332 3051 3201 3150 2166 6016 3667 9273 8793 7661 6318 6999 4547 3449 7692 1383 5806 3125 4202 5444 7959 8600 3689 5575 4961 5747 6371 1990 2436
29 3117 9447 1768 7253 2253 2633 171 5058 2337 3654 7291 3407 9228 9769 9008 7763 2292 7003 6789 3969 579 4484 8433 7602 3859 5569 8501 4775 4576
26 691 2864 4803 3612 6073 4302 9753 8876 8894 9502 1320 3778 5820 264 4955 303 8171 3466 1273 827 2579 3559 6828 4224 9782 9932
29 2849 7186 2442 676 1138 883 3158 3742 521 5441 7712 4633 1416 5590 4555 302 7848 9920 5494 2002 4651 7480 3848 6408 7280 103 6626 5562 2155
29 681 9688 4944 4824 1053 7016 2673 5759 4630 4785 8008 8616 3730 1856 9326 9483 8972 2899 2592 9230 1476 8863 9210 7339 7897 6356 8895 4540 4978
29 6096 4922 1067 3954 3347 1542 4809 4589 1370 4856 70 6893 8591 7682 6841 4700 1088 1231 7624 5929 8998 880 2109 8032 6308 7029 3202 3913 694
31 6781 7720 8513 3322 2914 6481 4252 6752 3427 2318 2509 6582 3360 4423 7265 2372 5730 2740 9596 4191 2690 7634 9638 2619 18 4337 5729 1672 2386 8898 1363
25 2038 5030 687 9384 5251 221 164 4395 2289 3212 9090 2153 430 861 7757 2312 4860 9171 3874 783 6077 9962 7223 7806 6588
29 5604 6497 9942 915 8003 9966 5713 9356 9898 3018 1104 9704 3795 8886 3477 6453 5755 5464 9896 3252 6514 1208 7567 3996 3219 2422 5650 2444 9478
29 6570 8961 8977 4415 9777 7488 1904 8541 6329 5906 7423 4952 6728 4161 5443 2889 2200 285 2596 6132 8102 8192 7551 634 9679 8891 2249 1864 3595
31 6130 9887 1437 1816 8118 3866 4834 8462 9795 9149 3144 4047 6145 2877 6063 539 2671 1496 7630 1224 3885 4133 853 458 317 9819 7281 2942 9383 9188 2217
29 6812 1734 336 1275 9636 5066 610 7896 1759 110 3364 2857 5281 4601 1879 3609 2753 4125 6045 4853 8457 1605 2438 3712 5232 2959 3381 6806 5107
28 3016 8404 6687 9352 837 35 8897 8001 4575 6572 8760 3603 3453 8722 57 1616 1611 7093 3077 3933 3823 828 9221 2618 7106 1801 3159 7187
30 701 2698 330 170 3367 6280 5157 107 6944 4997 6989 310 7989 4583 7012 1598 6050 8921 6469 5893 4528 366 6694 8789 8802 5459 641 340 6264 7641
30 1826 688 8125 2858 2573 6681 4867 7878 9451 6344 7614 8573 9072 7589 7290 8597 8960 1495 7563 1394 6196 9306 10 113 2063 2214 415 5774 6142 4347
31 9191 5524 3503 144 8324 1429 1923 6341 2242 5390 4588 1317 1694 8813 5600 1170 4167 4549 222 3824 7208 46 767 5437 4038 7125 9023 769 3826 1099 6627
27 5634 6600 1520 9640 2053 4221 2194 620 7816 3434 7340 6352 2817 169 9893 8116 6792 9429 9125 5762 4296 5342 4196 3092 2059 1954 9741
28 8854 3628 1339 2 3992 2101 2770 4487 4432 3330 9993 7838 1321 8007 2872 2364 8414 2133 3248 3732 5620 4810 7197 983 7477 8061 1522 4184
25 7674 2766 7694 8890 7147 147 7393 8398 7651 8245 5106 9311 6757 3067 2798 6387 7710 9711 1814 5190 7354 8695 1263 4643 9343
25 8980 9200 2048 5654 8281 5863 9350 5878 4520 3055 2276 628 895 3458 6180 6905 1955 3000 5902 2197 8100 4552 825 7460 4300
28 9581 5557 446 1250 785 9329 1258 4889 790 2647 4376 3269 5947 5565 4094 8379 7826 9386 2222 3294 2553 5599 6251 6052 7371 3857 7063 2485
30 5835 8394 8227 6234 6283 6868 2167 3079 8076 4044 8655 8260 7282 2066 7104 3514 9325 3971 9487 7070 7599 1251 9086 186 3510 9759 8244 3349 836 3107
27 1711 9037 5377 3268 7621 6128 793 5474 6705 822 5890 8390 213 2631 7248 3594 4837 4269 3980 876 2884 9524 6654 5430 5667 7654 5921
29 327 6956 4501 4878 5564 130 6922 2301 1342 9006 391 8859 5137 8094 2759 9931 9122 183 6963 1910 1733 2932 7311 5776 2269 1385 556 4502 7021
31 7833 3505 6402 7116 6485 3114 662 5253 8289 1329 4565 8721 8278 1847 1662 9681 2462 7438 7064 6894 3749 3221 296 661 4531 8953 24 9866 4339 6121 2103
30 3425 5041 4717 2145 653 6753 5022 1004 9533 739 8150 9917 1630 3094 376 9359 3211 9197 64 2128 9875 1729 3497 2377 6799 8555 6203 6029 950 511
26 2446 6257 2785 5632 3275 6710 3326 3341 4363 8224 3484 8437 1459 58 96 3799 4118 6127 2277 6259 5449 6273 3614 4412 5789 5991
25 586 816 6595 3462 2815 9462 7110 9648 356 168 2373 4667 5782 8140 5652 8707 1450 1850 7786 6391 8905 8308 6761 4274 5513
32 5455 27 4751 2305 2860 4084 7980 1854 2489 2064 465 7284 8159 3819 3317 210 9344 8732 6851 1169 4654 3822 1116 5165 3691 2566 2079 5402 3906 5851 9527 2451
32 3440 1938 4260 3460 3618 6973 5416 738 1804 209 2562 6824 4262 6586 6997 8844 412 178 1358 7044 9564 5174 6326 7103 8459 3115 9101 8542 7192 321 3059 4916
25 7320 405 2777 5116 706 2375 499 5570 6567 9375 3548 8855 5664 568 9794 756 6314 9519 8428 5225 1254 6159 5374 1211 6625
27 9351 1125 747 7742 2535 7728 2918 8553 2039 4040 4401 8035 6114 1661 9355 7081 8186 4778 707 9402 7659 5677 7705 9244 145 1001 9969
28 1785 1691 6493 9772 7185 3587 5401 1883 9919 1867 5689 3812 4779 6365 7700 1117 4162 5060 1006 7372 6886 5824 1841 1626 2094 796 6390 98
29 3660 9443 4166 2693 1325 5423 289 3272 1485 3254 4684 1402 7792 1308 9232 5643 6712 3244 6035 1356 1362 9680 6751 7604 1316 3289 3589 8819 4977
28 2772 4066 4765 5462 422 5797 3040 3821 4577 715 3454 6993 680 7088 8175 4570 6725 4399 9337 2361 7391 1331 9063 9637 2498 7968 870 7134
30 2440 8568 416 9042 3953 1985 4983 1282 9864 1420 1032 4504 2842 8149 6451 903 6884 5272 3222 1426 7821 5264 2875 2160 3450 7542 2911 2493 4111 4625
28 6340 3482 6168 5148 6262 2710 9975 9554 1555 6472 5311 3273 5018 4425 6892 9609 369 6977 354 3263 5866 6903 5538 6201 7770 2716 9431 9600
30 7782 3860 8952 2469 1758 7715 7988 2853 2179 1792 2735 5983 686 331 6388 7058 604 7836 3193 2754 7573 7067 6122 8014 8393 4798 7478 7470 9847 2288
26 4182 5846 6928 9139 7381 1198 9943 6300 550 5578 6814 8345 9694 6426 982 8982 3253 6839 3296 9722 8838 3081 9025 3311 5216 4275
29 7277 7918 3172 663 4677 6267 7240 2689 1545 1683 4921 4906 387 6187 4371 1070 5956 2087 7127 4670 9234 4626 4755 9945 4150 8110 5054 531 7010
24 8044 5952 6623 4050 721 941 8848 8025 8330 5811 2004 1418 8550 6226 4240 1640 4861 7749 6852 632 8146 8195 7123 1911
27 9141 9868 8297 6459 1515 4323 7592 3487 2513 2891 1176 918 5727 5479 7292 8271 631 1090 6401 346 4409 5719 1930 6059 1270 119 9481
31 3155 6982 5532 5112 6407 229 5313 7842 5167 4880 2843 6015 4822 9979 8989 5450 8341 7615 6953 1656 1823 7403 4445 5785 8985 6569 8043 882 8619 5269 4329
26 493 726 6092 2930 6826 4524 6550 7580 1852 4168 3982 8963 4128 7307 3073 8226 4847 923 5078 9265 4403 25 5527 3120 5845 7533
30 8078 523 3471 5134 3845 6816 6522 9781 8182 7209 1861 5083 6780 189 6375 367 3927 5899 4357 4159 8069 4324 8451 6899 7544 8060 2670 4866 3006 2507
27 8858 5388 9747 2003 6421 784 6299 9078 1028 4396 1189 2928 115 6996 9595 9683 2806 3433 2750 7565 5995 2883 1576 2706 2143 9555 3952
30 5588 7343 7611 6910 7249 5224 5125 9936 8517 5757 5425 392 7000 1934 249 7114 3525 5539 444 100 8692 6803 1438 9379 464 1958 2514 501 6496 2879
32 1408 528 1756 8681 2868 4465 8783 7784 5366 3791 384 3846 1371 5579 2500 8675 4351 8362 7564 3928 6775 776 988 9061 5300 2360 8736 1361 7261 1027 2678 7527
26 3873 6796 4769 8841 4144 5210 7028 9267 9720 8214 67 7701 3461 6350 7737 4404 9518 260 5544 2363 3910 1786 9698 5372 5779 7215
31 9601 3209 5209 8875 3126 1260 4587 1131 9477 2738 243 1269 7472 1092 7935 527 6486 673 4317 1713 407 588 7495 1984 7736 5932 5728 2093 6303 2099 4821
26 3216 4754 3005 4529 3757 3836 2609 4116 190 3865 5350 9216 1701 2171 1409 6539 2425 5495 2227 4234 8427 1633 121 3663 8479 1921
26 3491 3181 3339 1124 5436 9599 9437 3130 5509 4564 7949 4743 382 3920 5662 6466 5463 9926 3307 6501 6103 1454 7090 6442 4345 6441
29 2098 8590 702 9933 9052 5181 2339 7149 9880 9870 2909 1215 9434 693 1122 5484 4836 5186 4372 6064 8662 5203 9503 5764 4291 5471 9869 7854 6202
32 4904 1365 4870 3476 2479 5542 5368 3335 9495 8641 1089 718 6954 5162 3132 5786 6492 7881 5123 8303 3178 1843 7452 3994 4733 3588 8002 1943 7214 4422 5877 3021
28 7851 4989 7496 7929 9039 2141 740 80 4194 3362 9368 6707 2124 3622 3390 5379 9570 1225 3327 7783 6937 1513 1318 2383 3909 9164 2620 1185
27 2600 804 6245 667 779 5949 949 2391 9675 2947 1557 2699 8752 6418 2287 335 9929 2127 7497 137 6548 1811 6222 7791 5215 6404 1665
27 7080 6578 2512 3762 1715 6242 1547 6057 5434 7743 1889 6456 2878 3629 7882 8295 5825 2344 279 3189 160 2294 6324 1634 5543 4585 6216
29 3592 9460 3302 4034 3266 795 4307 1525 2788 5012 4460 3553 8538 5761 4199 5752 9050 6353 8480 4261 8048 1274 2117 823 948 8979 3197 2371 3143
27 1579 436 5345 2526 1025 2840 8620 1354 1118 3431 76 2121 9501 1873 700 4538 1654 8626 3397 542 6541 8520 9576 9710 6798 1184 9109
29 2603 8299 5130 1909 2186 158 682 9235 7278 7097 7122 7560 777 7962 639 2979 7803 1403 5003 8563 2688 7686 2421 3257 6619 79 4954 2901 9212
25 7849 1143 5334 6463 9385 3177 6123 173 8005 1676 7776 1023 6115 1952 5191 4614 6628 744 9730 6957 2605 7687 5629 9916 7153
26 4115 5195 1024 6211 7944 2674 8812 8627 3785 6357 648 9092 1467 4862 623 5958 9981 2420 549 5414 2764 4426 2115 1705 6737 9768
34 4119 2156 8205 2000 7384 7084 2401 2920 1821 5510 6690 868 4869 1172 7157 5330 9453 938 9276 1710 9701 165 7057 8467 1989 5381 4993 5702 9353 8305 8374 2532 3529 8636
26 9180 9764 2813 3682 3455 4104 8798 3430 1526 8931 8337 5367 664 5622 4106 2723 591 6549 3793 9206 9849 9170 581 7789 8412 3642
31 3831 280 1425 810 3679 8261 6005 9549 6007 174 9338 5277 9363 3146 3134 6174 522 6075 9507 4033 3376 9567 8608 7366 7250 6771 6499 638 3979 4235 7326
31 3766 9498 2330 6778 3735 5151 1283 8834 8022 8274 9270 4691 9562 2325 4402 6345 9547 6594 5187 8217 5422 1291 2449 8354 6679 4790 9865 2275 8743 6061 6632
28 7643 4057 7636 1505 593 2394 7751 3780 2303 7955 8369 2502 3695 4448 6362 6714 6965 4842 9009 7034 5025 607 1728 7164 1010 6269 7747 7364
31 8544 5939 5475 2205 16 2013 2218 3033 3644 6747 9949 7401 9482 3095 643 8475 5978 514 2886 9316 1164 7420 7594 1500 2454 6833 3760 7246 6498 1690 5392
27 4967 6931 5197 7421 4436 8884 8410 5850 4452 5502 4638 6918 1589 9365 5027 9290 4027 2026 9401 2035 8430 5243 7512 8363 8068 2008 9724
28 1813 3929 2554 6474 2395 2439 7338 9220 7135 1647 778 4985 1936 3401 5270 4737 5880 2792 3737 4806 8809 4209 1546 7505 77 1939 6435 6835
29 2586 534 3519 6382 8471 2138 6643 7489 8914 902 2989 7610 5592 6454 71 9458 3175 4080 7236 3046 2974 4007 269 3577 4959 8845 8236 8240 1177
28 3709 5613 5898 9804 3323 1913 5744 7891 8251 2538 3797 4892 7740 7493 3389 6078 9077 5331 5708 488 6636 3438 717 2054 1550 8268 8307 4131
27 1999 8607 3496 2557 6363 1465 2058 2644 9622 5176 7745 5749 4591 8605 7043 5220 5737 5242 3378 1180 151 6455 4155 6325 4698 8092 8096
27 9861 1805 7060 5968 5945 4948 3090 9619 2207 5314 7771 5488 5691 8630 8422 4819 17 4846 9271 1077 9468 1005 4608 9778 6722 8443 4644
25 3922 6785 2524 357 4694 2794 5312 7835 7802 2935 1214 5847 4382 4011 6439 2110 7027 5641 8173 5765 4741 1682 9542 4058 4418
29 7245 5492 3350 1907 9302 513 5376 9990 8974 5659 7336 301 2463 5720 2251 9810 4129 1537 9509 3031 8822 7198 9062 898 7306 3237 439 9971 3530
30 577 5049 4458 1080 2201 4231 5875 3745 9499 363 4665 1158 2255 3310 198 9299 6653 6621 7585 6900 1561 7303 5792 3478 9069 253 9474 371 8387 4539
24 3516 3772 7698 2135 3318 8577 2846 5856 2426 5451 6291 2125 1391 1346 7578 6685 4333 9114 4624 6040 1765 3308 4940 7690
25 7136 4236 8027 4152 8526 2728 4079 332 9575 3356 709 4511 3003 5577 2972 8900 1084 9775 2199 5039 9082 6447 4548 2431 411
26 4114 9417 7120 1926 5860 489 185 6738 8840 878 1389 2465 3034 8051 8599 4865 4023 348 913 2210 7666 44 8409 937 1739 4678
27 8786 6214 3987 1737 1264 8421 2359 7777 4758 8477 6033 8967 6378 5122 4312 1567 1161 8041 807 5676 5221 9074 4228 8731 7837 3918 5666
27 6613 1424 271 7230 4476 2775 7538 3182 6553 9733 3105 7195 3416 8334 838 7271 6768 2625 5853 6285 6107 5576 4462 7714 1287 5276 7322
32 6042 9594 8468 4088 1976 7543 7383 9258 3703 385 6817 4900 4292 9412 359 3849 6508 9763 8124 6786 6617 884 6443 9944 4731 1072 8127 3838 5294 8582 8353 8265
27 7653 1312 5129 817 7177 4309 435 4145 3313 3315 6213 1968 917 5746 5688 3880 6193 6034 1755 5089 1658 4468 4510 5386 3226 9607 5644
31 6885 2583 1113 1590 6936 2430 1681 9831 1414 9133 8528 2457 2590 4379 6386 782 6228 9616 3978 7437 3261 742 1332 7145 520 4485 8112 7508 491 7066 7996
27 8424 4447 5886 7864 3417 5867 4350 6874 7202 9260 7352 5818 403 1097 8842 6338 5199 6083 9532 797 4121 737 8559 1071 8744 5561 5630
28 3875 1204 7984 3643 6374 8910 473 4387 8581 1797 9067 7355 1405 8371 8446 2837 1886 4541 2665 6458 7140 2597 3369 509 3451 9580 6656 4361
30 526 474 552 5696 791 2637 7768 6764 8723 3774 3986 8191 3488 3879 7130 3463 1456 9103 1741 6054 3976 1159 9313 9691 4270 8708 426 2123 8062 9941
31 9413 275 5903 5997 6445 1588 1983 5901 3541 6295 8700 5429 6648 2390 6915 4120 3672 2653 2174 5431 562 4022 8344 1031 9813 4459 3717 8660 1615 4556 537
29 1808 314 26 9956 1267 3036 3804 5323 6309 9393 5900 7305 3286 7370 1091 5972 9598 6079 2492 6232 6558 9578 1455 9176 6782 9582 8228 5717 6017
27 5014 6062 9441 4937 60 8820 4718 3091 9585 2331 266 8689 6460 4986 5075 5943 8370 9624 5980 1649 4233 4024 7490 8749 4592 5698 3870
26 1717 9662 7251 8547 8277 7691 3934 8728 9529 39 6082 4343 1137 6521 7221 5640 3600 8676 6101 7987 4255 2927 7930 5618 3504 2779
29 9168 9826 3937 502 9811 3557 1076 9467 2687 1609 1980 2100 636 9736 8780 3886 9999 1941 7350 454 1775 5992 9536 9924 3988 8596 7294 3808 5453
27 3249 1040 1036 5263 1390 7721 1592 5457 437 5293 5035 9839 933 55 4602 9252 4727 4103 1338 9144 6247 6923 3572 455 5805 2904 5178
28 8220 7781 4757 961 6000 7022 541 1306 2071 8089 911 4749 9177 274 8975 650 19 7571 6243 1514 6917 3688 6907 2501 7089 4586 5681 7649
29 9049 9054 9635 9785 4227 9909 1368 7748 2960 4124 1754 5080 4090 4776 8843 840 370 9911 8524 8806 29 8632 8685 8533 5110 4872 3279 9802 3818
26 3387 6770 7329 3259 5705 9184 6473 5121 4720 1962 6945 3271 7013 1828 7999 8054 6349 8508 8126 6661 7868 859 2572 9987 2985 4690
30 9832 1130 5555 5815 931 4530 572 3803 4724 3069 9548 2948 2408 7612 8254 6611 4525 1013 2929 875 6333 5656 7263 7498 5615 6013 127 9615 5007 6787
26 4078 3076 2793 2418 7449 7295 4573 4975 7981 9885 2260 7990 8826 3382 5716 1221 5810 6853 7646 1949 8888 5286 3045 4437 2850 1289
31 295 328 736 6995 408 4137 9994 9126 2097 5175 7188 6882 799 1452 4157 4676 4610 9551 2827 7226 9275 9605 7523 7711 891 7900 2829 3957 1315 900 5885
27 42 8026 8717 4165 4627 1998 3536 1304 5397 7387 1003 6772 2741 9098 645 5617 2131 6087 7051 2180 1107 9167 8527 860 5948 1484 2936
26 175 3210 4996 2195 9825 6990 7392 3086 6263 6651 259 2944 3753 6930 6306 842 4572 7507 8729 3224 2885 1446 7729 9786 4364 7456
29 6423 3452 34 5128 7985 5724 7870 1174 4264 4489 7068 1490 3700 8926 8764 8319 5816 6270 4102 3469 5445 9953 4615 9041 5918 1928 283 849 8694
27 8995 3198 5967 6970 9817 1448 7286 2298 1657 9327 4032 7072 9923 5775 8242 56 6494 8230 4508 3990 8763 4367 7970 2357 4353 6173 3082
28 207 2713 1704 1822 2236 9540 975 9853 472 4178 9332 3798 9160 157 611 2108 3068 7410 5572 104 3087 6420 5305 3141 2709 5849 265 9418
27 4935 4170 69 7367 6869 6822 2057 4969 4745 87 6412 1723 239 4713 6692 4109 5447 4482 8684 3394 9333 1997 3459 2567 5678 2809 7577
29 9014 7704 4807 9940 4710 5796 3151 8263 6296 2230 3280 8505 3020 5219 6741 7200 211 7635 4499 3357 2240 7301 7228 8788 1937 4981 7764 1738 6906
31 9145 3720 6461 9506 3950 3764 6794 930 9107 720 4483 3850 1444 5347 225 8864 8796 8578 2245 2029 3714 4863 3270 9399 195 6076 20 8272 3956 8715 8670
31 7138 929 6265 7894 6177 4181 7361 3619 3984 1871 1039 3336 1228 9497 986 8883 5202 9876 6607 5567 5393 5179 5145 6579 1112 197 7746 1115 6008 2804 9895
28 102 612 5069 6250 7232 4639 150 1777 987 6574 4383 2314 2204 4761 318 9323 4043 1213 772 2458 1463 6825 5649 1580 1404 4680 2786 447
30 78 7487 1037 9592 4200 9721 8746 996 6312 2511 1360 6252 6368 7242 1401 6742 9400 461 7225 4206 3750 1443 6335 978 3959 3168 3758 8768 7907 4331
27 4768 6347 9236 5612 627 3733 8726 3103 1802 1242 8617 9089 9249 954 3061 3692 5982 1341 1591 3935 9550 1479 9788 5526 8105 2456 722
29 7584 7047 4122 6635 9559 4005 8991 5925 2232 4193 9056 7811 223 7860 6208 7184 4623 6946 5038 1806 122 3523 9013 1183 1686 7332 6495 4897 8395
28 9888 2496 3258 5942 1175 9761 5693 8727 5315 3784 1671 4941 5998 109 2967 5214 7546 7210 7943 9965 7657 9364 5521 9805 5593 6266 936 8629
33 9435 1030 8543 7744 4009 5229 8594 8050 6902 5525 8154 4446 7466 2897 9655 1406 965 6282 633 5741 3056 7684 9946 1335 7954 1953 2392 754 4746 2385 9505 4881 4171
30 2209 4805 8415 5881 780 9391 8609 7227 8469 7473 1709 8145 5417 2165 1552 733 299 8155 8495 9085 9026 7182 8647 5515 2718 5633 3072 764 7049 1445
29 1574 8152 4091 8624 3623 5783 7061 1944 7993 789 9818 9812 2913 3284 9389 5842 5790 7365 3408 7832 4879 4725 1569 1534 4342 6631 5936 8959 6810
32 6599 2414 9136 5031 5999 7180 9147 2642 1245 8741 200 619 2651 8347 3635 125 8489 6134 8614 6124 7357 3428 959 9259 9539 2285 3214 8712 8916 1327 3555 519
25 4189 188 8327 873 5126 7349 5512 5100 1708 7059 6025 5909 3786 5076 649 7285 2580 7211 6116 2437 8203 181 6637 4516 6730
34 8946 352 8710 4503 7890 5182 6554 4076 6099 9461 1132 8603 1643 6224 8435 406 1905 7515 7758 4509 4752 7963 6023 9843 7818 8326 6209 1978 7518 6028 4257 2781 4871 2518
31 934 8246 1285 1608 3292 4788 5353 8463 5235 1692 1349 7928 4002 394 7321 6706 2387 2290 7628 2402 4987 495 748 3053 2483 2376 6832 8376 6881 7903 2587
28 9159 1831 3383 5675 5171 7144 7637 4394 6979 290 9842 1899 5661 832 1726 8200 2432 595 992 6346 4968 8179 2721 1881 4197 5432 6663 7887
27 9189 811 9128 5460 9027 6658 9380 3678 2799 2522 9908 5249 2859 7809 7310 7206 5340 4826 3761 1155 8716 932 3351 1227 4695 6149 3436
28 1141 3877 9075 8400 8906 4697 9456 6389 7316 3320 7939 8558 1929 1885 245 3576 3231 9676 847 9746 1388 4569 2896 262 2712 4268 2016 6576
29 3042 5528 8592 3903 7323 8162 5360 6409 7419 2062 7377 4295 4919 5048 6450 4146 4843 887 9465 2460 4142 8557 3374 6797 8782 6755 946 8114 3708
25 6229 5583 7020 8751 3671 43 5760 8123 1837 3494 9372 6811 1914 4213 388 505 8537 8161 3768 4849 8287 5408 2819 8918 5470
27 4466 7216 5213 7244 434 8954 466 261 5142 5904 4443 8824 345 5230 66 8720 4086 3012 9834 2669 2694 6431 9517 2749 6776 1212 973
28 4052 8971 7979 1278 5258 3122 9989 9415 943 2078 2052 2495 5817 9800 3888 7853 2226 2663 608 658 9663 3593 5184 7644 4271 5285 4963 5823
27 1048 9243 1021 9930 3050 7572 402 1012 3715 4055 21 8562 9278 6406 4226 3343 1848 6678 9396 6165 3739 3022 4783 8197 6988 1079 6865
30 2805 1377 7402 5349 3707 1795 167 2266 7869 8325 9857 1319 2589 9024 7124 1876 8773 3325 8198 3445 4982 9048 3613 1900 4360 6503 9463 788 8360 8696
31 3423 3704 1468 6046 9079 5117 9489 8093 1932 6854 3156 3340 5597 6287 8455 3136 5015 4471 4280 7888 8023 5733 5697 9938 3862 5316 7440 7730 9535 6947 2480
28 6950 7511 3579 6748 7769 4553 1322 420 6256 1163 1695 1489 5840 9672 1063 1927 471 759 6373 8748 7933 1527 9766 1947 12 4683 6952 6491
28 5919 1660 7096 1491 6258 8936 5714 4273 6919 3167 3608 3392 9218 7025 947 112 2270 8947 5807 284 821 2177 4666 4702 378 4512 1235 7559
30 1572 6543 4632 5237 7351 4622 4739 3783 1898 5969 7664 8677 1206 3121 3415 8915 8901 2821 8196 4911 2515 5626 4816 8157 1669 1714 1486 5970 8683 3048
26 3153 7014 8052 3620 684 675 9939 7024 6188 9012 4456 9792 5067 8190 8996 5150 2473 2490 5871 1381 2443 6293 3649 2523 8583 8805
28 6392 7229 8207 4169 9130 9625 1373 5424 3299 8642 5059 5770 4215 1719 4373 449 8867 4648 3728 9846 4606 5961 8929 8672 6153 4699 6564 711
29 4960 8579 8523 7309 3932 1562 6519 4089 2919 3481 1233 7983 3314 3771 3568 2369 6380 904 2118 9005 1334 3561 4036 3706 6920 2448 1727 1946 5193
30 8097 5673 596 1842 5077 5483 2239 81 3949 3604 9658 1431 4127 4344 4930 7298 7491 9877 8139 5957 7961 8674 867 7451 8739 5819 2537 574 7805 6014
28 9371 8434 7219 3696 7176 9494 2531 6215 8483 9420 5303 1548 7785 2520 7005 9196 3961 1918 8321 4686 7 4772 267 9201 8779 5196 1607 7718
31 4523 6227 1038 7011 4219 4126 1604 2748 9240 3683 7462 4774 5259 4288 6100 1173 3319 2321 8367 5458 7446 4245 146 11 7128 9065 4381 5231 467 7997 2791
32 152 1846 7183 9224 7986 5144 6452 956 1149 9231 4652 5647 6183 2780 9135 1451 4488 7155 5419 490 72 8767 201 3413 2162 857 7457 1305 6867 5780 561 1778
29 660 2550 1556 7191 9967 6731 6859 7379 3770 9883 8013 5420 7459 7973 305 4139 14 9587 8997 9614 9102 242 2784 2638 6002 2834 7852 2075 2634
26 6808 1415 2263 1554 6876 2295 3854 8256 1603 8988 1226 9728 1920 2724 863 920 2951 7994 8984 5034 6131 8075 6141 6506 3468 3071
29 4071 8504 3027 1860 9612 8615 1430 7598 980 8912 257 7039 3721 7532 3096 6698 3567 6315 9530 1065 5143 5753 4012 1209 9422 8771 5284 7162 6422
32 6424 2830 1925 910 4239 5516 2085 605 6105 3170 4031 9760 8956 6010 3220 2032 4335 2341 4321 1732 8839 7398 7160 6019 1570 9198 732 2393 7858 6573 7362 5208
26 5057 7175 9202 4802 9095 9537 745 5302 8874 5189 5304 5869 3377 4598 8129 3109 2453 8705 129 8408 752 5158 9863 9398 3645 2719
28 1587 7642 9992 3099 4400 8250 7327 3100 5822 4792 8253 7009 3543 866 214 6119 2111 6288 6505 4491 5623 2074 7048 7713 6360 448 6094 8879
29 5046 846 656 5537 7279 4250 5307 4282 2950 1836 4174 1290 6773 600 3894 9729 5248 1578 2208 3395 7274 3165 5873 5091 6022 2571 2999 8548 3876
31 8849 7132 1512 3911 2715 6032 9752 4817 319 2679 7629 3813 7071 4823 7247 9207 4276 6220 9560 255 6938 3788 3509 4176 1017 5359 9134 5092 7772 4707 2661
28 9111 9692 854 4966 1776 238 4597 6212 1725 4229 6225 8189 7509 3963 86 9513 1366 5754 6477 4613 5234 2427 3239 2170 2441 2968 5410 75
30 13 9446 724 417 6889 3907 1441 3281 9660 8122 6862 4100 5913 1744 844 3287 834 7040 5636 3915 9341 2159 114 2434 3946 172 3345 1473 5044 7234
28 6197 5535 3128 9459 9806 3283 792 4621 5343 7455 8602 1069 564 2577 4074 5114 7898 7181 1743 2641 1663 6467 8965 2398 3014 2268 3970 8932
24 4764 5149 5472 1059 7603 9963 9055 2313 9425 2280 292 1262 99 101 2488 4719 4439 4211 9305 351 2626 3173 6974 2980
31 7937 8364 1670 4217 8613 678 4030 8285 1440 8460 7045 594 7906 2370 7388 8601 5409 3662 4704 9480 8419 6555 7469 9004 6086 2533 7810 8750 3840 5042 1635
29 9714 5955 2954 8885 7031 6278 7203 9395 1810 7703 4898 7400 6813 5411 8137 1052 4328 9046 7141 9644 2816 3726 3627 8243 4631 616 9723 7422 2423
28 4974 1956 4318 432 7845 2992 117 4640 135 7257 2120 5200 7288 8560 6448 5695 6104 2307 5927 3900 7293 2190 1583 2211 6068 9731 824 1993
29 3590 4543 9756 8733 1890 8418 1487 6286 3904 194 8206 569 8231 8814 3801 9666 7673 3891 6394 3342 4536 9318 9886 3940 5548 3985 4674 2952 2231
29 602 6597 450 5387 7976 4887 3019 2334 5163 6163 4726 7753 4689 2404 2704 2151 6384 5573 8156 246 4854 2102 6241 9686 8247 8516 8024 2925 4378
27 2851 8085 1062 3044 9621 1239 3267 1593 939 6615 5168 6711 3277 3174 5894 7739 4815 2910 6528 2861 7085 4242 826 2405 9633 1255 5002
28 4141 3247 128 5127 9123 5448 7679 8239 9186 8211 3398 5584 4882 6948 5994 984 4845 6334 2379 9626 1087 3282 4675 9972 9277 7463 8225 5227
28 7576 7397 4926 6844 7201 250 6218 5090 6385 3262 5327 5282 6716 9935 6968 5487 6939 4653 7325 162 316 3841 2328 2862 7856 3161 8774 9556
29 570 1752 6294 7026 3139 232 8375 5637 8264 1207 8131 4990 5405 5332 9217 5971 4149 2070 7762 4330 4932 2529 6239 1538 2938 3041 2902 7908 9914
29 962 482 1196 3316 1560 7773 7406 6369 383 4247 6037 5951 4136 5768 710 1853 4340 8210 5357 4359 3738 4729 5155 3424 5711 3607 1313 7315 7774
26 7883 6857 9891 3164 704 964 8322 4929 7131 8222 6060 6156 9630 8029 4742 2650 4668 7266 3521 5981 9572 8107 9030 2400 3868 4014
25 4065 9366 2876 9416 919 4795 4356 5301 2286 4435 4914 4410 1963 6743 2581 5399 7632 4899 1475 9450 640 547 1323 6596 9604
29 5465 8545 3361 6992 665 1809 7992 4495 6244 743 9254 9848 5309 5497 9414 8807 7033 3129 9140 9174 2246 5087 7434 5088 5665 8803 1288 8132 202
31 7633 306 3775 5938 9304 1600 1165 5351 4566 4003 3637 8284 2539 4835 4218 2939 2869 1832 4893 8313 5986 7170 7254 4744 3002 3752 8241 9143 2848 7631 9841
28 7662 2091 9589 7871 4896 8540 4175 4722 4550 6277 6171 4284 8332 9552 815 635 6802 5631 2639 3029 7224 4326 4646 8077 3958 9882 1627 4087
31 8099 1568 6720 8781 2304 3702 4192 8417 1770 689 525 4140 2760 2412 9906 9455 2324 5827 4470 9758 2898 8930 2773 2374 6 3661 9947 2616 8539 6969 9510
31 9488 5703 3991 108 7481 952 7086 8365 5223 8036 3887 2931 5169 1128 1829 585 1840 2945 3088 4618 4876 136 757 6774 1877 4532 368 4832 655 2007 6614
28 4753 9440 9257 7581 2506 4716 590 5446 3195 1219 5070 642 2355 2977 6026 2034 9553 9867 438 4253 3725 9146 6489 7972 1981 4590 8216 9770
26 333 7855 4773 7922 2396 9719 91 8000 9317 4732 9303 805 8761 6545 1673 3571 6476 8199 8703 921 3498 374 2559 730 3668 9643
28 8346 6154 8903 8625 6030 6516 9915 3225 7347 7840 2917 9854 6795 2068 4021 5974 1103 7069 9776 6734 6297 7920 723 8302 6415 9573 7555 6172
30 7148 2297 3575 3518 6677 1133 679 674 3304 2725 872 8507 1352 2060 492 263 985 5043 3945 5923 6568 142 543 4979 4450 6136 6012 1540 977 7264
29 3363 3075 4797 5914 3811 9263 970 8873 7111 6276 8511 5963 228 9118 5006 4424 494 4946 9162 7640 1234 5339 3154 8306 9099 1967 120 869 5486
27 4322 7006 6151 4535 5910 4903 2591 5396 7755 6630 8794 5701 2818 3974 9796 2695 3293 7314 5338 1722 9682 2978 4042 3274 5859 7424 6804
31 7427 2163 1824 1348 6765 6983 8701 7974 5228 4478 530 9339 1259 7036 1799 2825 5905 6272 7919 2348 8860 5287 180 6736 4429 1343 9715 8556 1181 9161 470
34 4804 3581 8383 5889 1014 1499 5598 6475 9955 8488 7317 4004 7415 5440 2188 2080 8066 1771 1413 4970 9021 9647 7510 9807 2696 9684 9879 372 2812 1333 9080 9293 5257 8351
30 5777 548 6655 4607 9907 2129 3465 6328 4263 400 2175 7536 3817 7877 6192 8329 8095 2727 9717 6487 535 3017 3658 9036 1108 8606 566 5161 7934 7886
28 746 6488 1924 8949 3680 5348 5170 3544 3989 4988 8659 6581 1147 6457 1507 361 7626 1190 8795 8301 8209 712 1857 8747 1815 6921 8784 2497
31 4852 4830 1035 1712 7638 40 273 462 1293 9394 1767 1301 4431 2020 1544 4918 1054 3605 9734 9295 8444 6984 6913 4971 4267 3948 7807 1601 2291 503 8618
31 654 4392 8356 9884 4933 2912 4730 5857 1167 1897 6523 9889 8628 560 1618 3923 1458 6432 5154 9709 2112 3964 7269 4173 7376 7616 6181 1015 6524 4923 3188
27 138 3665 8797 2756 2212 3537 8968 2477 9436 4579 4101 865 7118 337 3674 4740 4609 4451 6949 3787 8136 6355 2796 6532 4998 2530 6164
27 1965 2086 7793 2604 1862 3064 421 6985 9504 8572 6652 3176 3379 5533 2019 8255 1894 9292 381 4389 8817 9493 9193 4287 2737 8589 1298
26 9543 8502 839 5156 291 2049 7910 2435 7046 2030 8857 2044 2645 4177 4207 6760 8312 6645 506 1129 814 6041 7817 6217 5204 1868
31 1577 5595 7724 3009 7430 6411 1151 1882 8316 2061 4559 5413 4293 3124 6721 6414 7126 1736 1781 1336 3276 976 2192 4208 2356 7461 4907 2627 7435 3540 1637
30 8057 3265 8657 9227 7648 6113 9708 7117 848 7727 2548 1933 3303 6544 4277 1571 6518 8847 5554 774 7255 6158 6517 9620 6943 497 5960 696 8167 9307
29 9988 9538 8128 1192 4442 2358 1203 8506 6230 2595 5501 584 237 6129 2082 8871 9283 5541 4054 8082 3638 97 1078 9789 1718 6916 7319 4965 2388
30 2265 6200 4481 8872 5896 4673 8673 2525 1971 4544 3975 6143 7363 3370 8276 8461 4493 4595 3485 4781 9541 8275 8742 3112 6688 1279 5609 8640 6546 1508
25 1386 6683 429 1398 7607 9183 3882 9153 3545 7213 2685 4180 8436 9996 4814 1780 9641 1075 3843 1162 9335 4571 6305 1559 7917
32 1109 7179 1807 3324 6275 2126 4183 9315 484 4348 9203 7875 6672 5124 7596 7312 4578 2237 7779 6302 2113 9017 761 6004 2880 118 5735 9301 3208 6377 8151 5320
29 2378 9246 2241 1407 4560 8575 8634 6686 8649 2707 7670 8047 6849 8691 1642 5800 1457 3599 193 5651 6875 1696 7169 5140 2778 9900 6823 2668 2338
27 3123 554 5511 460 3380 9678 4942 9546 9762 1081 2011 8892 4081 2761 1142 8808 3837 1502 9597 6081 6066 5017 3547 8011 4461 2585 9192
28 2672 957 9568 2965 5051 1055 6676 36 4110 6364 4782 8115 9334 5095 4112 3204 538 3473 8973 7797 8030 9514 1281 4995 8830 8317 5551 2623
27 5500 8948 1772 3744 5478 9571 2281 3648 1986 38 8769 6809 8650 6321 9409 1 1265 9511 7504 3864 8188 7595 196 4762 7178 9799 9346
29 2417 7695 3867 1421 8237 8178 1127 6872 8878 2148 7884 5767 9424 8529 6009 4645 8119 3621 8525 7548 9574 770 9569 2953 7413 2041 1399 6843 3227
26 8709 1191 1066 3410 1631 1095 3997 177 2009 9970 1002 3131 1056 5962 8621 4756 6724 1565 657 9649 4449 6887 7647 516 4254 5707
29 5062 1595 8431 5553 5566 9899 1787 7239 5138 3513 3234 83 8448 8248 3065 6502 8283 5239 478 1619 3217 6070 9859 735 1594 2776 7841 277 8009
24 1641 9166 2769 9454 8108 4703 4642 2983 4388 3508 2116 6701 7146 1783 9387 8757 7168 4554 9840 4265 4927 6704 3404 6898
26 8551 476 6754 9129 4629 3242 2322 4370 9634 4064 8335 3759 8279 8223 7778 3884 8056 3666 8856 5684 9374 4584 9148 9904 1345 2134
29 4077 7606 8969 874 9175 9816 6379 6703 5784 1541 6535 7709 5964 3686 5808 1068 5594 8336 9985 829 5469 5743 9479 8962 5996 9320 7804 2565 5255
28 7324 3765 6003 5456 1794 4486 7880 6160 1419 2887 6941 1498 7431 5546 3512 1789 6417 9726 1970 7547 6662 2905 5101 2844 9113 5481 4097 8314
33 4398 3240 6668 8432 8566 8950 2352 343 3556 8638 7062 4857 1309 3955 4428 2354 7586 998 3409 1376 2319 7479 2172 1200 4859 5341 3713 6838 5725 3779 3024 6598 7756
29 666 1942 8740 9755 7416 3411 5883 8564 2410 204 1668 2826 1796 3807 9959 6624 8373 803 4812 1379 6383 7302 5710 7600 4407 3457 8290 6240 3570
25 3511 4994 6416 6925 6348 2622 1865 9491 8262 833 1395 6367 6601 2882 4059 8804 9901 9028 1699 1372 8084 9912 4600 7839 2528
30 3815 1769 9743 8919 8282 9754 5912 1917 9798 9442 6697 8144 6612 8185 4813 7587 4414 8758 6249 8138 3052 6834 6805 6926 5120 8955 843 4237 3829 7341
27 6603 5941 6864 9520 7865 6437 5739 1679 59 5550 529 5063 9824 6072 9040 9405 7133 5977 3475 7193 7055 6260 1474 65 4714 126 9558
26 2182 5653 2472 8063 338 1093 5433 7356 1620 8944 5192 9964 6646 1636 8288 9471 801 3245 3789 8101 7902 8160 5560 2248 9064 4956
26 4760 4759 7569 2599 6718 3049 3573 6744 1098 5603 6310 7549 3828 1706 999 7733 2299 9611 7506 668 2503 5624 2926 3354 9071 4771
32 445 9740 9584 288 6351 1276 5052 7960 5084 1082 9910 9664 5024 3321 1553 3108 3657 2043 1906 1623 8304 1400 3566 401 1979 2284 8045 9713 940 9003 3901 9204
28 7828 3179 5865 9073 6410 5990 1674 134 4134 3777 5384 452 2946 9280 1046 6998 1858 6400 2271 342 9639 3200 6858 8174 4841 5621 6587 5723
28 3236 5383 8654 5206 1964 3716 4093 9745 4025 7330 9127 1919 3368 557 6895 9673 3814 247 9294 8397 8091 9602 7799 4369 2308 9687 8941 7936
27 9282 5503 1818 5855 2144 4628 630 6274 9531 4272 4945 9300 4420 48 669 7834 6058 4649 9137 765 1506 9903 3842 7152 390 2807 2494
28 9925 6425 6699 8439 73 6622 2771 2142 2183 7522 2643 4092 1261 2982 5037 5628 3852 6777 2676 1324 3526 3699 1277 5985 5809 9774 6955 3444
27 4473 7382 8366 1779 7707 3412 320 4938 6708 8215 9116 8482 6006 1382 9419 6739 1903 1201 6641 4563 6986 8510 4936 3406 6883 2814 2296
27 5798 3832 3878 8851 2140 571 5671 8328 4341 2867 8832 9222 1146 5540 7499 7353 248 2362 4154 5019 2612 9523 3938 7991 8658 3467 2810
31 9215 5467 7689 2971 1152 9874 703 8679 7405 219 5530 1182 2262 133 7696 7859 6837 8534 307 3999 8570 1922 5518 9181 894 5813 575 8037 4685 2611 6207
25 6669 3693 8130 6313 208 8913 2450 6162 2624 5601 545 5803 5093 3853 325 268 7582 6934 3591 349 5009 9112 5870 6157 4188
25 2993 3169 49 3291 4082 9229 1730 9093 4243 9187 1135 5299 1050 7079 6571 7535 5814 6583 692 4580 1105 8928 1503 7911 592
30 7995 3701 3264 5226 6657 3205 1735 3912 5568 9593 9855 7620 3942 7893 958 4406 1523 2272 5362 8059 1019 8902 4984 31 9927 3962 3218 5930 3634 1355
31 6845 4980 9951 2755 4018 4567 6427 6359 8441 4325 4542 2547 9051 6484 8378 2077 6530 8837 5773 4763 5047 3809 1902 7252 7052 651 240 3522 2969 4419 7722
30 1472 862 2836 3781 5333 1659 6566 184 22 7597 5547 3194 140 3685 3585 7099 2015 8498 1613 5989 2941 4894 8452 6880 3676 1086 7583 6745 9347 8402
30 9155 1060 6231 8273 8663 4313 1160 5861 7190 353 4873 8939 3199 2617 6846 7795 5205 8233 463 1296 5933 7445 8169 3111 7923 9045 8270 9349 4708 496
32 3256 7494 3501 2963 5400 4355 9406 1707 2415 6233 7243 1825 6693 6018 877 2800 3684 9830 1763 9928 4301 28 728 8079 7501 2025 6713 9476 3993 2273 341 2681
29 3145 3288 4060 9492 2012 3295 1644 3443 6395 9059 9851 597 3110 8976 1126 7077 2342 7196 9653 8300 7241 8340 3358 1731 8058 8935 2306 1150 362
24 993 4474 2384 6556 7359 1602 8466 1045 9309 7276 8610 379 955 4596 9749 1230 8212 5172 8706 1716 2866 2105 951 9982
29 7914 1817 8927 2244 3396 1855 1740 5079 5862 7876 8350 1650 3502 6749 1171 2187 4438 6039 3751 5858 3230 6254 7360 3729 251 2088 5375 7608 3810
26 558 4433 9131 5668 1462 2106 2774 7390 7503 8552 9233 7112 7075 3102 5236 1216 4972 7904 7665 3426 7342 1393 3653 2031 9697 2630
26 2452 766 6155 7650 2279 3871 926 5843 413 7672 322 6298 2428 9707 2888 3650 5884 3371 7041 4216 8163 9948 4222 6490 9968 7775
31 671 5326 1364 1751 8745 7625 6292 9242 5670 6470 5802 7942 1460 6585 5118 1483 1145 5104 3897 8519 7570 5099 6592 5319 3542 9978 517 990 9438 3285 9138
26 9340 2996 1247 7042 4455 9115 220 7296 5053 5045 6434 1303 5848 2615 4258 6940 2173 6827 9088 4029 1447 7601 749 2907 8514 2149
32 4616 7574 1531 1205 1863 6815 8006 3489 5105 8588 5407 2802 7334 5428 2576 6147 8168 4496 1950 2684 1480 5267 7780 5363 8010 2340 2751 2510 4352 5591 3080 2994
26 2636 9248 8492 1139 1558 62 2762 3647 3388 2028 3670 7007 7623 2464 9617 2484 3615 5164 3223 4427 5709 3352 3943 1629 7885 7414
32 7822 3856 598 5680 1612 2608 365 311 5183 734 9500 2050 2389 3011 3393 6591 7102 6565 7912 5672 2259 7685 8405 2476 2655 8388 6053 892 6972 4890 845 9837
30 395 2090 7394 3919 6563 6580 5580 2797 4953 2274 925 6860 1516 7328 9871 3584 9185 2893 3137 6146 5614 4305 9566 1432 9472 4721 7121 5685 9330 9700
28 8407 7030 4951 5965 8438 879 2519 1243 8377 5975 6606 4657 9179 143 2970 1977 1240 8113 4464 2733 469 8622 1449 205 3719 966 9838 6301
25 9872 159 8134 659 4976 4514 3651 6584 4647 6590 4132 7588 6433 9264 7273 912 7732 7627 2934 7139 6534 9934 7731 5280 5211
30 6190 8730 9361 3104 8829 1220 7723 3332 7375 2745 2541 670 5028 161 798 3246 2683 7167 2475 5394 4557 5498 7433 8496 433 5872 8770 5491 8945 7492
28 2823 1833 7708 2940 8083 9790 1760 7872 3500 5508 3058 7432 916 2534 2424 7924 5056 8133 4143 3690 6372 4073 6840 4850 7453 5275 1875 6051
27 5552 5233 6959 1417 5244 2801 3348 2574 5278 7409 4844 1960 428 1667 254 1057 6850 3004 2022 6608 3309 5085 7618 453 9767 3633 8465
30 1753 2874 4909 2578 504 3917 1299 3037 2233 1307 9281 3506 3563 2316 8384 1453 418 3184 483 3965 2621 2089 4999 7524 2104 9001 3583 2380 9860 969
32 6638 698 5721 3659 6620 5585 6520 6966 9961 2409 9725 3711 1532 6609 9689 5766 1972 2666 8355 2278 2447 4010 6863 8 3564 8280 293 9433 5016 4735 9645 2157
30 8595 3025 8934 9632 906 5574 8257 4015 5177 5159 2176 1423 8862 4290 8821 9043 4332 802 6376 3805 9528 4475 7098 1357 5180 3800 5344 3652 1106 2783
32 2652 7297 281 6237 2701 3881 2838 6994 9362 1839 2892 2083 4497 8907 7846 5265 7953 4148 775 3013 9998 9195 5283 6071 1202 7465 942 3527 8081 2345 6332 4037
27 3233 5801 4794 8503 2252 304 6027 3297 8645 7931 532 1915 4612 2682 7948 6048 3960 3162 3414 6043 725 7895 9022 7154 8018 3057 9918
29 3902 8372 90 8166 4917 5520 9165 6112 685 4521 1083 1218 8623 6552 8352 3028 9390 758 6962 4924 1940 7945 1311 4061 1518 8880 1369 5365 5987
30 601 7337 7395 276 968 8193 9856 3669 3420 5146 6515 1724 3834 5854 2114 2300 4244 3085 7428 5139 2543 4013 7073 4705 2095 1266 3601 3101 2215 8631
29 8315 553 5751 2640 2767 5308 8266 5435 2021 5071 9545 609 8015 7831 1664 2326 2224 6396 7189 524 272 7913 5217 7998 8554 3796 3083 9100 8816
31 9742 8472 8399 2933 5940 215 4304 1750 8911 7916 5763 9976 2040 9057 2998 2984 7844 4421 5485 5692 3569 6529 5892 1687 6465 9557 1975 6673 5915 7947 1651
33 9284 23 9820 2152 4279 4386 9097 2429 760 5887 5935 4736 1074 7275 6674 116 6951 3435 4669 3641 2660 5468 945 9298 8359 1912 2282 9291 1378 5937 6184 9018 6148
30 9211 6897 4238 3914 6102 4784 1257 813 7526 5296 4527 4153 5442 2833 2056 1504 8221 3596 705 6307 5194 5722 6723 6702 9020 4688 7107 166 5317 8180
27 8090 4662 7475 8833 53 7441 4190 1248 8067 8611 3926 3983 1536 2327 440 2662 5563 9744 8202 9661 818 621 4561 7966 7270 212 9154
27 7609 3681 8120 9974 8924 2247 7038 323 991 9952 2705 339 5135 7053 9209 6512 2702 3967 9357 3861 7101 485 4020 7677 8574 2582 647
28 1466 9814 8183 2069 5895 7519 8765 1521 8737 8828 4457 2835 7032 7429 2686 1461 4230 2593 716 8868 9269 6290 6909 7683 4811 2067 3038 1596
26 8724 1359 7458 9268 4278 3203 8518 5382 1493 5290 6024 2730 270 3499 4164 9156 1563 2073 1859 3066 3098 6709 6929 9748 8470 7540
26 5354 3119 8565 6756 6912 5596 1433 468 2055 9862 6429 8038 1094 7556 8667 3419 1286 7083 9199 1157 2196 7905 4416 5549 6513 4747
28 6891 7205 5973 4327 8693 5706 7464 3858 4874 7374 3507 7237 8925 751 9668 4750 297 7823 3754 6527 5778 7669 6080 4908 4411 7726 6680 3375
28 5262 7015 3260 9735 3118 5619 4734 4545 3215 230 7091 3631 8536 9844 5804 6111 2692 5252 6759 9783 1901 5141 8852 8576 3727 8682 1653 2894
30 9858 8440 8017 2169 404 6464 7412 0 2470 4289 3166 8213 5292 6735 7557 2225 5026 583 8420 1471 4786 5745 3206 3673 3947 714 1762 7843 282 9958
29 7735 4581 5245 4 2841 971 690 4385 4306 4204 300 92 4045 6398 1819 3535 5098 7262 1757 9319 5004 7658 1878 218 3196 6667 2915 3554 7417
28 3611 8983 3149 8204 7408 6866 2961 5976 7847 5279 2720 9833 8020 2413 30 7172 9525 2164 6199 4285 4283 6911 6769 2691 4518 8585 3769 4712
26 9890 8039 3492 551 9286 4286 2018 2744 6971 7304 8318 3290 4599 9256 4365 6323 4780 1252 4709 6642 3655 7517 2189 6842 8753 3399
30 9328 6879 4957 3898 6322 8754 7467 5639 7142 2001 4095 881 644 6178 1280 9902 95 3616 9852 324 9266 4513 8580 7940 423 2856 4039 4297 5507 6055
30 1764 4796 2482 2614 5086 6255 5 8831 1302 8680 3565 8153 4212 8661 6176 4925 6873 3180 5627 4299 7373 8664 5452 6981 37 6366 8893 4827 4791 2406
30 8267 8835 1100 2323 1300 9665 93 4950 7927 7693 2320 4533 4179 5132 6696 4113 5295 8396 8671 3372 4928 4198 622 4336 9032 652 5256 5736 9544 7348
27 5370 2335 6509 2343 8368 5587 1120 373 9983 9651 6182 1892 9716 2193 7159 5081 1931 1684 8403 5979 7444 5922 6560 6011 4913 2594 9827
27 7901 5160 5944 5324 5115 3373 2664 1677 5916 4454 7765 3863 1747 7663 3806 8338 1114 830 8429 7956 6144 1018 2824 6577 8986 6960 6135
31 7256 719 7566 563 9219 2768 7087 8790 7561 4444 8493 7950 1585 8686 5993 3646 9588 5531 226 7447 3549 5602 9000 727 3624 1061 7788 1916 7978 4915 7233
30 8453 6791 5608 191 2399 3306 3391 7668 1009 1253 1519 2943 7531 7300 9261 533 2949 4522 8034 1720 1624 3792 4041 1497 3998 3936 677 2516 5361 7796
29 4801 2146 9038 8170 6664 8699 8584 6221 2027 1310 9690 7761 9247 3127 4617 8908 9427 5385 7333 864 1987 6733 9496 9905 5812 4947 953 6732 7534
28 7760 1599 7235 8080 8778 9751 589 2258 5742 9044 4241 4375 6665 1029 9421 2206 7591 8827 8208 364 3133 1974 4366 1543 396 1891 5029 2084
27 4049 2795 5669 9076 9241 771 2158 8238 1849 7863 6763 6471 4637 9047 1195 599 9239 4203 5663 2317 897 9108 7289 8637 8776 3472 9255
29 2711 5097 8678 7173 5461 7482 5610 9439 6559 565 6069 546 7554 3705 9381 2466 5493 5246 6788 7825 2628 6089 1297 2072 2046 2311 1022 5953 1397
29 8644 9850 3333 2570 9484 8957 4298 3243 9314 4641 1872 3825 741 2076 9490 7344 5356 7750 1652 2598 8361 1982 4210 6317 787 4820 9829 6561 5674
26 9321 4469 5336 4214 7790 132 4251 8389 5838 9376 4130 9466 2973 2845 7385 4800 7425 9521 6031 7827 298 5571 6783 3421 2556 6405
29 1187 4349 6888 1410 3582 2906 3186 3528 1194 431 8391 8815 1244 1188 7725 4934 3250 3359 7879 6604 2366 9377 4108 5261 8987 1464 1678 224 7411
28 1788 8121 9104 2459 2147 7719 4377 2937 6268 8917 5064 2923 855 4748 3889 6438 3043 8259 4016 6219 7017 3483 2991 6327 6397 9358 1791 5738
29 7313 377 4568 9699 4151 2555 8937 8442 9583 6186 6800 3191 9750 9158 1482 3495 4838 9070 5616 8064 6855 6139 1790 344 6533 7951 6161 3008 3386
31 3968 1896 5934 7552 2350 4123 5683 1238 1064 4500 8652 4374 4316 1102 559 5758 3301 7622 2975 2997 9226 1528 6536 7562 2588 809 5173 8846 9765 1697 3116
